<?xml version="1.0" encoding="UTF-8"?>
<coverage generated="1619215710762" clover="3.2.0">
  <project timestamp="1619215710762" name="All files">
    <metrics statements="14" coveredstatements="13" conditionals="2" coveredconditionals="2" methods="3" coveredmethods="3" elements="19" coveredelements="18" complexity="0" loc="14" ncloc="14" packages="1" files="2" classes="2"/>
    <file name="ll.js" path="/mnt/c/Users/jhous/school/class05/linked-list/lib/ll.js">
      <metrics statements="11" coveredstatements="10" conditionals="2" coveredconditionals="2" methods="2" coveredmethods="2"/>
      <line num="3" count="1" type="stmt"/>
      <line num="7" count="2" type="stmt"/>
      <line num="12" count="2" type="stmt"/>
      <line num="14" count="2" type="cond" truecount="2" falsecount="0"/>
      <line num="15" count="1" type="stmt"/>
      <line num="19" count="1" type="stmt"/>
      <line num="21" count="1" type="stmt"/>
      <line num="22" count="0" type="stmt"/>
      <line num="25" count="1" type="stmt"/>
      <line num="28" count="2" type="stmt"/>
      <line num="32" count="1" type="stmt"/>
    </file>
    <file name="node.js" path="/mnt/c/Users/jhous/school/class05/linked-list/lib/node.js">
      <metrics statements="3" coveredstatements="3" conditionals="0" coveredconditionals="0" methods="1" coveredmethods="1"/>
      <line num="5" count="2" type="stmt"/>
      <line num="6" count="2" type="stmt"/>
      <line num="10" count="1" type="stmt"/>
    </file>
  </project>
</coverage>
