<?xml version="1.0" encoding="UTF-8"?>
<coverage generated="1619467099283" clover="3.2.0">
  <project timestamp="1619467099283" name="All files">
    <metrics statements="56" coveredstatements="53" conditionals="12" coveredconditionals="11" methods="8" coveredmethods="8" elements="76" coveredelements="72" complexity="0" loc="56" ncloc="56" packages="1" files="2" classes="2"/>
    <file name="linked-list.js" path="/mnt/c/Users/jhous/school/data-structures-and-algorithms/javascript/code-challenges/linkedList/lib/linked-list.js">
      <metrics statements="53" coveredstatements="50" conditionals="12" coveredconditionals="11" methods="7" coveredmethods="7"/>
      <line num="3" count="1" type="stmt"/>
      <line num="7" count="12" type="stmt"/>
      <line num="12" count="21" type="stmt"/>
      <line num="14" count="21" type="cond" truecount="2" falsecount="0"/>
      <line num="15" count="10" type="stmt"/>
      <line num="19" count="11" type="stmt"/>
      <line num="21" count="11" type="stmt"/>
      <line num="22" count="6" type="stmt"/>
      <line num="25" count="11" type="stmt"/>
      <line num="28" count="21" type="stmt"/>
      <line num="33" count="4" type="stmt"/>
      <line num="34" count="4" type="stmt"/>
      <line num="35" count="4" type="stmt"/>
      <line num="36" count="4" type="stmt"/>
      <line num="40" count="2" type="stmt"/>
      <line num="41" count="2" type="cond" truecount="2" falsecount="0"/>
      <line num="42" count="1" type="stmt"/>
      <line num="45" count="1" type="stmt"/>
      <line num="46" count="1" type="cond" truecount="1" falsecount="1"/>
      <line num="47" count="0" type="stmt"/>
      <line num="49" count="1" type="stmt"/>
      <line num="53" count="1" type="stmt"/>
      <line num="58" count="3" type="stmt"/>
      <line num="59" count="3" type="stmt"/>
      <line num="62" count="3" type="stmt"/>
      <line num="63" count="12" type="stmt"/>
      <line num="64" count="12" type="stmt"/>
      <line num="67" count="3" type="stmt"/>
      <line num="69" count="3" type="stmt"/>
      <line num="73" count="2" type="stmt"/>
      <line num="77" count="2" type="stmt"/>
      <line num="78" count="3" type="cond" truecount="2" falsecount="0"/>
      <line num="80" count="2" type="stmt"/>
      <line num="83" count="2" type="cond" truecount="2" falsecount="0"/>
      <line num="85" count="1" type="stmt"/>
      <line num="87" count="1" type="stmt"/>
      <line num="89" count="1" type="stmt"/>
      <line num="92" count="1" type="stmt"/>
      <line num="94" count="1" type="stmt"/>
      <line num="95" count="1" type="stmt"/>
      <line num="99" count="1" type="stmt"/>
      <line num="100" count="1" type="stmt"/>
      <line num="104" count="0" type="stmt"/>
      <line num="108" count="2" type="stmt"/>
      <line num="109" count="2" type="stmt"/>
      <line num="110" count="5" type="cond" truecount="2" falsecount="0"/>
      <line num="112" count="2" type="stmt"/>
      <line num="115" count="2" type="stmt"/>
      <line num="118" count="2" type="stmt"/>
      <line num="120" count="2" type="stmt"/>
      <line num="123" count="3" type="stmt"/>
      <line num="127" count="0" type="stmt"/>
      <line num="131" count="1" type="stmt"/>
    </file>
    <file name="node.js" path="/mnt/c/Users/jhous/school/data-structures-and-algorithms/javascript/code-challenges/linkedList/lib/node.js">
      <metrics statements="3" coveredstatements="3" conditionals="0" coveredconditionals="0" methods="1" coveredmethods="1"/>
      <line num="5" count="29" type="stmt"/>
      <line num="6" count="29" type="stmt"/>
      <line num="10" count="1" type="stmt"/>
    </file>
  </project>
</coverage>
