{"/mnt/c/Users/jhous/school/data-structures-and-algorithms/javascript/code-challenges/linkedList/lib/linked-list.js": {"path":"/mnt/c/Users/jhous/school/data-structures-and-algorithms/javascript/code-challenges/linkedList/lib/linked-list.js","statementMap":{"0":{"start":{"line":3,"column":13},"end":{"line":3,"column":33}},"1":{"start":{"line":7,"column":8},"end":{"line":7,"column":25}},"2":{"start":{"line":12,"column":19},"end":{"line":12,"column":34}},"3":{"start":{"line":14,"column":8},"end":{"line":26,"column":9}},"4":{"start":{"line":15,"column":12},"end":{"line":15,"column":29}},"5":{"start":{"line":19,"column":26},"end":{"line":19,"column":35}},"6":{"start":{"line":21,"column":12},"end":{"line":23,"column":13}},"7":{"start":{"line":22,"column":16},"end":{"line":22,"column":39}},"8":{"start":{"line":25,"column":12},"end":{"line":25,"column":32}},"9":{"start":{"line":28,"column":8},"end":{"line":28,"column":20}},"10":{"start":{"line":33,"column":19},"end":{"line":33,"column":34}},"11":{"start":{"line":34,"column":23},"end":{"line":34,"column":32}},"12":{"start":{"line":35,"column":8},"end":{"line":35,"column":25}},"13":{"start":{"line":36,"column":8},"end":{"line":36,"column":34}},"14":{"start":{"line":40,"column":22},"end":{"line":40,"column":31}},"15":{"start":{"line":41,"column":8},"end":{"line":43,"column":9}},"16":{"start":{"line":42,"column":12},"end":{"line":42,"column":24}},"17":{"start":{"line":45,"column":8},"end":{"line":51,"column":9}},"18":{"start":{"line":46,"column":12},"end":{"line":50,"column":13}},"19":{"start":{"line":47,"column":16},"end":{"line":47,"column":28}},"20":{"start":{"line":49,"column":16},"end":{"line":49,"column":39}},"21":{"start":{"line":53,"column":8},"end":{"line":53,"column":21}},"22":{"start":{"line":58,"column":22},"end":{"line":58,"column":31}},"23":{"start":{"line":59,"column":21},"end":{"line":59,"column":23}},"24":{"start":{"line":62,"column":8},"end":{"line":65,"column":9}},"25":{"start":{"line":63,"column":12},"end":{"line":63,"column":49}},"26":{"start":{"line":64,"column":12},"end":{"line":64,"column":35}},"27":{"start":{"line":67,"column":8},"end":{"line":67,"column":25}},"28":{"start":{"line":69,"column":8},"end":{"line":69,"column":22}},"29":{"start":{"line":73,"column":22},"end":{"line":73,"column":31}},"30":{"start":{"line":77,"column":8},"end":{"line":102,"column":9}},"31":{"start":{"line":78,"column":12},"end":{"line":101,"column":13}},"32":{"start":{"line":80,"column":27},"end":{"line":80,"column":43}},"33":{"start":{"line":83,"column":16},"end":{"line":96,"column":17}},"34":{"start":{"line":85,"column":20},"end":{"line":85,"column":40}},"35":{"start":{"line":87,"column":20},"end":{"line":87,"column":37}},"36":{"start":{"line":89,"column":20},"end":{"line":89,"column":32}},"37":{"start":{"line":92,"column":20},"end":{"line":92,"column":37}},"38":{"start":{"line":94,"column":20},"end":{"line":94,"column":40}},"39":{"start":{"line":95,"column":20},"end":{"line":95,"column":32}},"40":{"start":{"line":99,"column":16},"end":{"line":99,"column":31}},"41":{"start":{"line":100,"column":16},"end":{"line":100,"column":39}},"42":{"start":{"line":104,"column":8},"end":{"line":104,"column":20}},"43":{"start":{"line":108,"column":22},"end":{"line":108,"column":31}},"44":{"start":{"line":109,"column":8},"end":{"line":125,"column":9}},"45":{"start":{"line":110,"column":12},"end":{"line":124,"column":13}},"46":{"start":{"line":112,"column":27},"end":{"line":112,"column":43}},"47":{"start":{"line":115,"column":16},"end":{"line":115,"column":41}},"48":{"start":{"line":118,"column":16},"end":{"line":118,"column":36}},"49":{"start":{"line":120,"column":16},"end":{"line":120,"column":28}},"50":{"start":{"line":123,"column":16},"end":{"line":123,"column":39}},"51":{"start":{"line":127,"column":8},"end":{"line":127,"column":20}},"52":{"start":{"line":131,"column":0},"end":{"line":131,"column":28}}},"fnMap":{"0":{"name":"(anonymous_0)","decl":{"start":{"line":6,"column":4},"end":{"line":6,"column":5}},"loc":{"start":{"line":6,"column":18},"end":{"line":8,"column":5}},"line":6},"1":{"name":"(anonymous_1)","decl":{"start":{"line":10,"column":4},"end":{"line":10,"column":5}},"loc":{"start":{"line":10,"column":18},"end":{"line":29,"column":5}},"line":10},"2":{"name":"(anonymous_2)","decl":{"start":{"line":32,"column":4},"end":{"line":32,"column":5}},"loc":{"start":{"line":32,"column":18},"end":{"line":37,"column":5}},"line":32},"3":{"name":"(anonymous_3)","decl":{"start":{"line":39,"column":4},"end":{"line":39,"column":5}},"loc":{"start":{"line":39,"column":20},"end":{"line":55,"column":5}},"line":39},"4":{"name":"(anonymous_4)","decl":{"start":{"line":57,"column":4},"end":{"line":57,"column":5}},"loc":{"start":{"line":57,"column":15},"end":{"line":70,"column":5}},"line":57},"5":{"name":"(anonymous_5)","decl":{"start":{"line":72,"column":4},"end":{"line":72,"column":5}},"loc":{"start":{"line":72,"column":32},"end":{"line":105,"column":5}},"line":72},"6":{"name":"(anonymous_6)","decl":{"start":{"line":107,"column":4},"end":{"line":107,"column":5}},"loc":{"start":{"line":107,"column":31},"end":{"line":128,"column":5}},"line":107}},"branchMap":{"0":{"loc":{"start":{"line":14,"column":8},"end":{"line":26,"column":9}},"type":"if","locations":[{"start":{"line":14,"column":8},"end":{"line":26,"column":9}},{"start":{"line":14,"column":8},"end":{"line":26,"column":9}}],"line":14},"1":{"loc":{"start":{"line":41,"column":8},"end":{"line":43,"column":9}},"type":"if","locations":[{"start":{"line":41,"column":8},"end":{"line":43,"column":9}},{"start":{"line":41,"column":8},"end":{"line":43,"column":9}}],"line":41},"2":{"loc":{"start":{"line":46,"column":12},"end":{"line":50,"column":13}},"type":"if","locations":[{"start":{"line":46,"column":12},"end":{"line":50,"column":13}},{"start":{"line":46,"column":12},"end":{"line":50,"column":13}}],"line":46},"3":{"loc":{"start":{"line":78,"column":12},"end":{"line":101,"column":13}},"type":"if","locations":[{"start":{"line":78,"column":12},"end":{"line":101,"column":13}},{"start":{"line":78,"column":12},"end":{"line":101,"column":13}}],"line":78},"4":{"loc":{"start":{"line":83,"column":16},"end":{"line":96,"column":17}},"type":"if","locations":[{"start":{"line":83,"column":16},"end":{"line":96,"column":17}},{"start":{"line":83,"column":16},"end":{"line":96,"column":17}}],"line":83},"5":{"loc":{"start":{"line":110,"column":12},"end":{"line":124,"column":13}},"type":"if","locations":[{"start":{"line":110,"column":12},"end":{"line":124,"column":13}},{"start":{"line":110,"column":12},"end":{"line":124,"column":13}}],"line":110}},"s":{"0":1,"1":12,"2":21,"3":21,"4":10,"5":11,"6":11,"7":6,"8":11,"9":21,"10":4,"11":4,"12":4,"13":4,"14":2,"15":2,"16":1,"17":1,"18":1,"19":0,"20":1,"21":1,"22":3,"23":3,"24":3,"25":12,"26":12,"27":3,"28":3,"29":2,"30":2,"31":3,"32":2,"33":2,"34":1,"35":1,"36":1,"37":1,"38":1,"39":1,"40":1,"41":1,"42":0,"43":2,"44":2,"45":5,"46":2,"47":2,"48":2,"49":2,"50":3,"51":0,"52":1},"f":{"0":12,"1":21,"2":4,"3":2,"4":3,"5":2,"6":2},"b":{"0":[10,11],"1":[1,1],"2":[0,1],"3":[2,1],"4":[1,1],"5":[2,3]},"_coverageSchema":"1a1c01bbd47fc00a2c39e90264f33305004495a9","hash":"2c2e6fb48d9239c24caa5a06f531283dc3415847"}
,"/mnt/c/Users/jhous/school/data-structures-and-algorithms/javascript/code-challenges/linkedList/lib/node.js": {"path":"/mnt/c/Users/jhous/school/data-structures-and-algorithms/javascript/code-challenges/linkedList/lib/node.js","statementMap":{"0":{"start":{"line":5,"column":8},"end":{"line":5,"column":27}},"1":{"start":{"line":6,"column":8},"end":{"line":6,"column":25}},"2":{"start":{"line":10,"column":0},"end":{"line":10,"column":22}}},"fnMap":{"0":{"name":"(anonymous_0)","decl":{"start":{"line":4,"column":4},"end":{"line":4,"column":5}},"loc":{"start":{"line":4,"column":23},"end":{"line":7,"column":5}},"line":4}},"branchMap":{},"s":{"0":29,"1":29,"2":1},"f":{"0":29},"b":{},"_coverageSchema":"1a1c01bbd47fc00a2c39e90264f33305004495a9","hash":"efeba4432f1d4ed8f7982be94cf55fc4d9fbcbea"}
}
