TN:
SF:lib/linked-list.js
FN:6,(anonymous_0)
FN:10,(anonymous_1)
FN:32,(anonymous_2)
FN:39,(anonymous_3)
FN:57,(anonymous_4)
FN:72,(anonymous_5)
FN:107,(anonymous_6)
FNF:7
FNH:7
FNDA:12,(anonymous_0)
FNDA:21,(anonymous_1)
FNDA:4,(anonymous_2)
FNDA:2,(anonymous_3)
FNDA:3,(anonymous_4)
FNDA:2,(anonymous_5)
FNDA:2,(anonymous_6)
DA:3,1
DA:7,12
DA:12,21
DA:14,21
DA:15,10
DA:19,11
DA:21,11
DA:22,6
DA:25,11
DA:28,21
DA:33,4
DA:34,4
DA:35,4
DA:36,4
DA:40,2
DA:41,2
DA:42,1
DA:45,1
DA:46,1
DA:47,0
DA:49,1
DA:53,1
DA:58,3
DA:59,3
DA:62,3
DA:63,12
DA:64,12
DA:67,3
DA:69,3
DA:73,2
DA:77,2
DA:78,3
DA:80,2
DA:83,2
DA:85,1
DA:87,1
DA:89,1
DA:92,1
DA:94,1
DA:95,1
DA:99,1
DA:100,1
DA:104,0
DA:108,2
DA:109,2
DA:110,5
DA:112,2
DA:115,2
DA:118,2
DA:120,2
DA:123,3
DA:127,0
DA:131,1
LF:53
LH:50
BRDA:14,0,0,10
BRDA:14,0,1,11
BRDA:41,1,0,1
BRDA:41,1,1,1
BRDA:46,2,0,0
BRDA:46,2,1,1
BRDA:78,3,0,2
BRDA:78,3,1,1
BRDA:83,4,0,1
BRDA:83,4,1,1
BRDA:110,5,0,2
BRDA:110,5,1,3
BRF:12
BRH:11
end_of_record
TN:
SF:lib/node.js
FN:4,(anonymous_0)
FNF:1
FNH:1
FNDA:29,(anonymous_0)
DA:5,29
DA:6,29
DA:10,1
LF:3
LH:3
BRF:0
BRH:0
end_of_record
