TN:
SF:lib/linked-list.js
FN:6,(anonymous_0)
FN:10,(anonymous_1)
FN:32,(anonymous_2)
FN:39,(anonymous_3)
FN:57,(anonymous_4)
FN:72,(anonymous_5)
FN:107,(anonymous_6)
FN:130,(anonymous_7)
FNF:8
FNH:8
FNDA:18,(anonymous_0)
FNDA:39,(anonymous_1)
FNDA:4,(anonymous_2)
FNDA:2,(anonymous_3)
FNDA:3,(anonymous_4)
FNDA:2,(anonymous_5)
FNDA:2,(anonymous_6)
FNDA:6,(anonymous_7)
DA:3,1
DA:7,18
DA:12,39
DA:14,39
DA:15,16
DA:19,23
DA:21,23
DA:22,16
DA:25,23
DA:28,39
DA:33,4
DA:34,4
DA:35,4
DA:36,4
DA:40,2
DA:41,2
DA:42,1
DA:45,1
DA:46,1
DA:47,0
DA:49,1
DA:53,1
DA:58,3
DA:59,3
DA:62,3
DA:63,12
DA:64,12
DA:67,3
DA:69,3
DA:73,2
DA:77,2
DA:78,3
DA:80,2
DA:83,2
DA:85,1
DA:87,1
DA:89,1
DA:92,1
DA:94,1
DA:95,1
DA:99,1
DA:100,1
DA:104,0
DA:108,2
DA:109,2
DA:110,5
DA:112,2
DA:115,2
DA:118,2
DA:120,2
DA:123,3
DA:127,0
DA:132,6
DA:134,5
DA:135,5
DA:138,5
DA:139,15
DA:140,15
DA:142,15
DA:145,5
DA:149,5
DA:152,3
DA:153,1
DA:157,2
DA:158,1
DA:162,1
DA:167,1
LF:67
LH:64
BRDA:14,0,0,16
BRDA:14,0,1,23
BRDA:41,1,0,1
BRDA:41,1,1,1
BRDA:46,2,0,0
BRDA:46,2,1,1
BRDA:78,3,0,2
BRDA:78,3,1,1
BRDA:83,4,0,1
BRDA:83,4,1,1
BRDA:110,5,0,2
BRDA:110,5,1,3
BRDA:132,6,0,1
BRDA:132,6,1,5
BRDA:139,7,0,15
BRDA:139,7,1,0
BRDA:149,8,0,2
BRDA:149,8,1,3
BRDA:149,9,0,5
BRDA:149,9,1,4
BRDA:152,10,0,1
BRDA:152,10,1,2
BRDA:152,11,0,3
BRDA:152,11,1,2
BRDA:157,12,0,1
BRDA:157,12,1,1
BRDA:157,13,0,2
BRDA:157,13,1,1
BRF:28
BRH:26
end_of_record
TN:
SF:lib/node.js
FN:4,(anonymous_0)
FNF:1
FNH:1
FNDA:47,(anonymous_0)
DA:5,47
DA:6,47
DA:10,1
LF:3
LH:3
BRF:0
BRH:0
end_of_record
