<?xml version="1.0" encoding="UTF-8"?>
<coverage generated="1622997097250" clover="3.2.0">
  <project timestamp="1622997097251" name="All files">
    <metrics statements="29" coveredstatements="22" conditionals="10" coveredconditionals="6" methods="10" coveredmethods="8" elements="49" coveredelements="36" complexity="0" loc="29" ncloc="29" packages="1" files="1" classes="1"/>
    <file name="hashtable.js" path="C:\Users\jhous\school-work\data-structures-and-algorithms\javascript\code-challenges\hashtable\hashtable.js">
      <metrics statements="29" coveredstatements="22" conditionals="10" coveredconditionals="6" methods="10" coveredmethods="8"/>
      <line num="5" count="4" type="stmt"/>
      <line num="6" count="4" type="stmt"/>
      <line num="12" count="3" type="stmt"/>
      <line num="16" count="4" type="stmt"/>
      <line num="18" count="4" type="cond" truecount="2" falsecount="0"/>
      <line num="19" count="3" type="stmt"/>
      <line num="21" count="1" type="stmt"/>
      <line num="22" count="1" type="stmt"/>
      <line num="27" count="0" type="cond" truecount="0" falsecount="2"/>
      <line num="29" count="0" type="stmt"/>
      <line num="31" count="0" type="stmt"/>
      <line num="32" count="0" type="stmt"/>
      <line num="33" count="0" type="stmt"/>
      <line num="40" count="4" type="stmt"/>
      <line num="41" count="4" type="stmt"/>
      <line num="45" count="8" type="stmt"/>
      <line num="46" count="45" type="stmt"/>
      <line num="52" count="4" type="stmt"/>
      <line num="54" count="4" type="cond" truecount="2" falsecount="0"/>
      <line num="55" count="3" type="stmt"/>
      <line num="56" count="3" type="stmt"/>
      <line num="57" count="3" type="stmt"/>
      <line num="61" count="1" type="stmt"/>
      <line num="66" count="4" type="stmt"/>
      <line num="67" count="4" type="cond" truecount="2" falsecount="0"/>
      <line num="69" count="3" type="stmt"/>
      <line num="73" count="0" type="stmt"/>
      <line num="75" count="0" type="cond" truecount="0" falsecount="2"/>
      <line num="79" count="1" type="stmt"/>
    </file>
  </project>
</coverage>
