{"/mnt/c/Users/jhous/school/data-structures-and-algorithms/javascript/code-challenges/fifoAnimalShelter/fifo-animal-shelter.js": {"path":"/mnt/c/Users/jhous/school/data-structures-and-algorithms/javascript/code-challenges/fifoAnimalShelter/fifo-animal-shelter.js","statementMap":{"0":{"start":{"line":3,"column":14},"end":{"line":3,"column":35}},"1":{"start":{"line":7,"column":8},"end":{"line":7,"column":25}},"2":{"start":{"line":16,"column":8},"end":{"line":16,"column":32}},"3":{"start":{"line":17,"column":8},"end":{"line":17,"column":32}},"4":{"start":{"line":21,"column":8},"end":{"line":25,"column":9}},"5":{"start":{"line":22,"column":12},"end":{"line":22,"column":37}},"6":{"start":{"line":23,"column":15},"end":{"line":25,"column":9}},"7":{"start":{"line":24,"column":12},"end":{"line":24,"column":38}},"8":{"start":{"line":29,"column":8},"end":{"line":29,"column":58}},"9":{"start":{"line":29,"column":46},"end":{"line":29,"column":58}},"10":{"start":{"line":30,"column":8},"end":{"line":30,"column":55}},"11":{"start":{"line":30,"column":28},"end":{"line":30,"column":55}},"12":{"start":{"line":31,"column":8},"end":{"line":31,"column":55}},"13":{"start":{"line":31,"column":28},"end":{"line":31,"column":55}},"14":{"start":{"line":35,"column":8},"end":{"line":35,"column":58}},"15":{"start":{"line":35,"column":46},"end":{"line":35,"column":58}},"16":{"start":{"line":36,"column":8},"end":{"line":36,"column":52}},"17":{"start":{"line":36,"column":28},"end":{"line":36,"column":52}},"18":{"start":{"line":37,"column":8},"end":{"line":37,"column":52}},"19":{"start":{"line":37,"column":28},"end":{"line":37,"column":52}},"20":{"start":{"line":41,"column":0},"end":{"line":41,"column":45}}},"fnMap":{"0":{"name":"(anonymous_0)","decl":{"start":{"line":6,"column":4},"end":{"line":6,"column":5}},"loc":{"start":{"line":6,"column":22},"end":{"line":8,"column":5}},"line":6},"1":{"name":"(anonymous_1)","decl":{"start":{"line":15,"column":4},"end":{"line":15,"column":5}},"loc":{"start":{"line":15,"column":18},"end":{"line":18,"column":5}},"line":15},"2":{"name":"(anonymous_2)","decl":{"start":{"line":20,"column":4},"end":{"line":20,"column":5}},"loc":{"start":{"line":20,"column":20},"end":{"line":26,"column":5}},"line":20},"3":{"name":"(anonymous_3)","decl":{"start":{"line":28,"column":4},"end":{"line":28,"column":5}},"loc":{"start":{"line":28,"column":18},"end":{"line":32,"column":5}},"line":28},"4":{"name":"(anonymous_4)","decl":{"start":{"line":34,"column":4},"end":{"line":34,"column":5}},"loc":{"start":{"line":34,"column":15},"end":{"line":38,"column":5}},"line":34}},"branchMap":{"0":{"loc":{"start":{"line":21,"column":8},"end":{"line":25,"column":9}},"type":"if","locations":[{"start":{"line":21,"column":8},"end":{"line":25,"column":9}},{"start":{"line":21,"column":8},"end":{"line":25,"column":9}}],"line":21},"1":{"loc":{"start":{"line":23,"column":15},"end":{"line":25,"column":9}},"type":"if","locations":[{"start":{"line":23,"column":15},"end":{"line":25,"column":9}},{"start":{"line":23,"column":15},"end":{"line":25,"column":9}}],"line":23},"2":{"loc":{"start":{"line":29,"column":8},"end":{"line":29,"column":58}},"type":"if","locations":[{"start":{"line":29,"column":8},"end":{"line":29,"column":58}},{"start":{"line":29,"column":8},"end":{"line":29,"column":58}}],"line":29},"3":{"loc":{"start":{"line":29,"column":12},"end":{"line":29,"column":44}},"type":"binary-expr","locations":[{"start":{"line":29,"column":12},"end":{"line":29,"column":26}},{"start":{"line":29,"column":30},"end":{"line":29,"column":44}}],"line":29},"4":{"loc":{"start":{"line":30,"column":8},"end":{"line":30,"column":55}},"type":"if","locations":[{"start":{"line":30,"column":8},"end":{"line":30,"column":55}},{"start":{"line":30,"column":8},"end":{"line":30,"column":55}}],"line":30},"5":{"loc":{"start":{"line":31,"column":8},"end":{"line":31,"column":55}},"type":"if","locations":[{"start":{"line":31,"column":8},"end":{"line":31,"column":55}},{"start":{"line":31,"column":8},"end":{"line":31,"column":55}}],"line":31},"6":{"loc":{"start":{"line":35,"column":8},"end":{"line":35,"column":58}},"type":"if","locations":[{"start":{"line":35,"column":8},"end":{"line":35,"column":58}},{"start":{"line":35,"column":8},"end":{"line":35,"column":58}}],"line":35},"7":{"loc":{"start":{"line":35,"column":12},"end":{"line":35,"column":44}},"type":"binary-expr","locations":[{"start":{"line":35,"column":12},"end":{"line":35,"column":26}},{"start":{"line":35,"column":30},"end":{"line":35,"column":44}}],"line":35},"8":{"loc":{"start":{"line":36,"column":8},"end":{"line":36,"column":52}},"type":"if","locations":[{"start":{"line":36,"column":8},"end":{"line":36,"column":52}},{"start":{"line":36,"column":8},"end":{"line":36,"column":52}}],"line":36},"9":{"loc":{"start":{"line":37,"column":8},"end":{"line":37,"column":52}},"type":"if","locations":[{"start":{"line":37,"column":8},"end":{"line":37,"column":52}},{"start":{"line":37,"column":8},"end":{"line":37,"column":52}}],"line":37}},"s":{"0":1,"1":4,"2":1,"3":1,"4":4,"5":2,"6":2,"7":2,"8":4,"9":0,"10":4,"11":2,"12":2,"13":2,"14":4,"15":0,"16":4,"17":2,"18":2,"19":2,"20":1},"f":{"0":4,"1":1,"2":4,"3":4,"4":4},"b":{"0":[2,2],"1":[2,0],"2":[0,4],"3":[4,2],"4":[2,2],"5":[2,0],"6":[0,4],"7":[4,2],"8":[2,2],"9":[2,0]},"_coverageSchema":"1a1c01bbd47fc00a2c39e90264f33305004495a9","hash":"a64be869787e0e340495679e36e03dc0a11ff84e"}
,"/mnt/c/Users/jhous/school/data-structures-and-algorithms/javascript/code-challenges/fifoAnimalShelter/queue.js": {"path":"/mnt/c/Users/jhous/school/data-structures-and-algorithms/javascript/code-challenges/fifoAnimalShelter/queue.js","statementMap":{"0":{"start":{"line":5,"column":8},"end":{"line":5,"column":26}},"1":{"start":{"line":6,"column":8},"end":{"line":6,"column":25}},"2":{"start":{"line":10,"column":8},"end":{"line":16,"column":9}},"3":{"start":{"line":11,"column":12},"end":{"line":11,"column":43}},"4":{"start":{"line":13,"column":12},"end":{"line":13,"column":35}},"5":{"start":{"line":15,"column":12},"end":{"line":15,"column":30}},"6":{"start":{"line":18,"column":8},"end":{"line":18,"column":20}},"7":{"start":{"line":22,"column":20},"end":{"line":22,"column":30}},"8":{"start":{"line":24,"column":8},"end":{"line":26,"column":9}},"9":{"start":{"line":25,"column":12},"end":{"line":25,"column":41}},"10":{"start":{"line":28,"column":8},"end":{"line":30,"column":9}},"11":{"start":{"line":29,"column":12},"end":{"line":29,"column":29}},"12":{"start":{"line":32,"column":8},"end":{"line":32,"column":21}},"13":{"start":{"line":36,"column":8},"end":{"line":36,"column":27}},"14":{"start":{"line":40,"column":8},"end":{"line":40,"column":49}},"15":{"start":{"line":40,"column":28},"end":{"line":40,"column":49}},"16":{"start":{"line":42,"column":8},"end":{"line":42,"column":26}},"17":{"start":{"line":46,"column":0},"end":{"line":46,"column":23}}},"fnMap":{"0":{"name":"(anonymous_0)","decl":{"start":{"line":4,"column":4},"end":{"line":4,"column":5}},"loc":{"start":{"line":4,"column":18},"end":{"line":7,"column":5}},"line":4},"1":{"name":"(anonymous_1)","decl":{"start":{"line":9,"column":4},"end":{"line":9,"column":5}},"loc":{"start":{"line":9,"column":19},"end":{"line":19,"column":5}},"line":9},"2":{"name":"(anonymous_2)","decl":{"start":{"line":21,"column":4},"end":{"line":21,"column":5}},"loc":{"start":{"line":21,"column":14},"end":{"line":33,"column":5}},"line":21},"3":{"name":"(anonymous_3)","decl":{"start":{"line":35,"column":4},"end":{"line":35,"column":5}},"loc":{"start":{"line":35,"column":14},"end":{"line":37,"column":5}},"line":35},"4":{"name":"(anonymous_4)","decl":{"start":{"line":39,"column":4},"end":{"line":39,"column":5}},"loc":{"start":{"line":39,"column":11},"end":{"line":43,"column":5}},"line":39}},"branchMap":{"0":{"loc":{"start":{"line":10,"column":8},"end":{"line":16,"column":9}},"type":"if","locations":[{"start":{"line":10,"column":8},"end":{"line":16,"column":9}},{"start":{"line":10,"column":8},"end":{"line":16,"column":9}}],"line":10},"1":{"loc":{"start":{"line":24,"column":8},"end":{"line":26,"column":9}},"type":"if","locations":[{"start":{"line":24,"column":8},"end":{"line":26,"column":9}},{"start":{"line":24,"column":8},"end":{"line":26,"column":9}}],"line":24},"2":{"loc":{"start":{"line":28,"column":8},"end":{"line":30,"column":9}},"type":"if","locations":[{"start":{"line":28,"column":8},"end":{"line":30,"column":9}},{"start":{"line":28,"column":8},"end":{"line":30,"column":9}}],"line":28},"3":{"loc":{"start":{"line":40,"column":8},"end":{"line":40,"column":49}},"type":"if","locations":[{"start":{"line":40,"column":8},"end":{"line":40,"column":49}},{"start":{"line":40,"column":8},"end":{"line":40,"column":49}}],"line":40}},"s":{"0":2,"1":2,"2":4,"3":2,"4":2,"5":2,"6":4,"7":4,"8":4,"9":4,"10":4,"11":2,"12":4,"13":8,"14":4,"15":0,"16":4,"17":1},"f":{"0":2,"1":4,"2":4,"3":8,"4":4},"b":{"0":[2,2],"1":[4,0],"2":[2,2],"3":[0,4]},"_coverageSchema":"1a1c01bbd47fc00a2c39e90264f33305004495a9","hash":"eee6048dd394ef7712ea1bf162019c01d6b6bb3e"}
}
