{"C:\\Users\\jhous\\school-work\\data-structures-and-algorithms\\javascript\\code-challenges\\BinaryTree\\binary-tree.js": {"path":"C:\\Users\\jhous\\school-work\\data-structures-and-algorithms\\javascript\\code-challenges\\BinaryTree\\binary-tree.js","statementMap":{"0":{"start":{"line":3,"column":13},"end":{"line":3,"column":33}},"1":{"start":{"line":5,"column":0},"end":{"line":110,"column":1}},"2":{"start":{"line":7,"column":8},"end":{"line":7,"column":25}},"3":{"start":{"line":11,"column":22},"end":{"line":11,"column":37}},"4":{"start":{"line":13,"column":8},"end":{"line":16,"column":9}},"5":{"start":{"line":14,"column":12},"end":{"line":14,"column":32}},"6":{"start":{"line":15,"column":12},"end":{"line":15,"column":24}},"7":{"start":{"line":18,"column":20},"end":{"line":27,"column":9}},"8":{"start":{"line":19,"column":12},"end":{"line":22,"column":13}},"9":{"start":{"line":20,"column":16},"end":{"line":20,"column":69}},"10":{"start":{"line":20,"column":41},"end":{"line":20,"column":69}},"11":{"start":{"line":21,"column":16},"end":{"line":21,"column":34}},"12":{"start":{"line":23,"column":12},"end":{"line":26,"column":13}},"13":{"start":{"line":24,"column":16},"end":{"line":24,"column":67}},"14":{"start":{"line":24,"column":40},"end":{"line":24,"column":67}},"15":{"start":{"line":25,"column":16},"end":{"line":25,"column":33}},"16":{"start":{"line":29,"column":8},"end":{"line":29,"column":25}},"17":{"start":{"line":31,"column":8},"end":{"line":31,"column":20}},"18":{"start":{"line":35,"column":8},"end":{"line":35,"column":45}},"19":{"start":{"line":35,"column":32},"end":{"line":35,"column":45}},"20":{"start":{"line":37,"column":19},"end":{"line":37,"column":24}},"21":{"start":{"line":39,"column":20},"end":{"line":44,"column":9}},"22":{"start":{"line":40,"column":12},"end":{"line":40,"column":57}},"23":{"start":{"line":40,"column":38},"end":{"line":40,"column":57}},"24":{"start":{"line":41,"column":12},"end":{"line":41,"column":44}},"25":{"start":{"line":41,"column":27},"end":{"line":41,"column":44}},"26":{"start":{"line":42,"column":12},"end":{"line":42,"column":46}},"27":{"start":{"line":42,"column":28},"end":{"line":42,"column":46}},"28":{"start":{"line":45,"column":8},"end":{"line":45,"column":25}},"29":{"start":{"line":46,"column":8},"end":{"line":46,"column":20}},"30":{"start":{"line":51,"column":22},"end":{"line":51,"column":24}},"31":{"start":{"line":53,"column":20},"end":{"line":57,"column":9}},"32":{"start":{"line":54,"column":12},"end":{"line":54,"column":37}},"33":{"start":{"line":55,"column":12},"end":{"line":55,"column":44}},"34":{"start":{"line":55,"column":27},"end":{"line":55,"column":44}},"35":{"start":{"line":56,"column":12},"end":{"line":56,"column":46}},"36":{"start":{"line":56,"column":28},"end":{"line":56,"column":46}},"37":{"start":{"line":59,"column":8},"end":{"line":59,"column":25}},"38":{"start":{"line":61,"column":8},"end":{"line":61,"column":23}},"39":{"start":{"line":66,"column":22},"end":{"line":66,"column":24}},"40":{"start":{"line":68,"column":20},"end":{"line":72,"column":9}},"41":{"start":{"line":69,"column":12},"end":{"line":69,"column":44}},"42":{"start":{"line":69,"column":27},"end":{"line":69,"column":44}},"43":{"start":{"line":70,"column":12},"end":{"line":70,"column":37}},"44":{"start":{"line":71,"column":12},"end":{"line":71,"column":46}},"45":{"start":{"line":71,"column":28},"end":{"line":71,"column":46}},"46":{"start":{"line":74,"column":8},"end":{"line":74,"column":25}},"47":{"start":{"line":76,"column":8},"end":{"line":76,"column":23}},"48":{"start":{"line":81,"column":22},"end":{"line":81,"column":24}},"49":{"start":{"line":83,"column":20},"end":{"line":87,"column":9}},"50":{"start":{"line":84,"column":12},"end":{"line":84,"column":44}},"51":{"start":{"line":84,"column":27},"end":{"line":84,"column":44}},"52":{"start":{"line":85,"column":12},"end":{"line":85,"column":46}},"53":{"start":{"line":85,"column":28},"end":{"line":85,"column":46}},"54":{"start":{"line":86,"column":12},"end":{"line":86,"column":37}},"55":{"start":{"line":89,"column":8},"end":{"line":89,"column":25}},"56":{"start":{"line":91,"column":8},"end":{"line":91,"column":23}},"57":{"start":{"line":95,"column":8},"end":{"line":95,"column":44}},"58":{"start":{"line":95,"column":32},"end":{"line":95,"column":44}},"59":{"start":{"line":97,"column":18},"end":{"line":97,"column":19}},"60":{"start":{"line":99,"column":20},"end":{"line":103,"column":9}},"61":{"start":{"line":100,"column":12},"end":{"line":100,"column":51}},"62":{"start":{"line":100,"column":34},"end":{"line":100,"column":51}},"63":{"start":{"line":101,"column":12},"end":{"line":101,"column":44}},"64":{"start":{"line":101,"column":27},"end":{"line":101,"column":44}},"65":{"start":{"line":102,"column":12},"end":{"line":102,"column":46}},"66":{"start":{"line":102,"column":28},"end":{"line":102,"column":46}},"67":{"start":{"line":105,"column":8},"end":{"line":105,"column":25}},"68":{"start":{"line":107,"column":8},"end":{"line":107,"column":19}}},"fnMap":{"0":{"name":"(anonymous_0)","decl":{"start":{"line":6,"column":4},"end":{"line":6,"column":5}},"loc":{"start":{"line":6,"column":29},"end":{"line":8,"column":5}},"line":6},"1":{"name":"(anonymous_1)","decl":{"start":{"line":10,"column":4},"end":{"line":10,"column":5}},"loc":{"start":{"line":10,"column":15},"end":{"line":32,"column":5}},"line":10},"2":{"name":"(anonymous_2)","decl":{"start":{"line":18,"column":20},"end":{"line":18,"column":21}},"loc":{"start":{"line":18,"column":30},"end":{"line":27,"column":9}},"line":18},"3":{"name":"(anonymous_3)","decl":{"start":{"line":34,"column":4},"end":{"line":34,"column":5}},"loc":{"start":{"line":34,"column":20},"end":{"line":47,"column":5}},"line":34},"4":{"name":"(anonymous_4)","decl":{"start":{"line":39,"column":20},"end":{"line":39,"column":21}},"loc":{"start":{"line":39,"column":30},"end":{"line":44,"column":9}},"line":39},"5":{"name":"(anonymous_5)","decl":{"start":{"line":49,"column":4},"end":{"line":49,"column":5}},"loc":{"start":{"line":49,"column":15},"end":{"line":62,"column":5}},"line":49},"6":{"name":"(anonymous_6)","decl":{"start":{"line":53,"column":20},"end":{"line":53,"column":21}},"loc":{"start":{"line":53,"column":28},"end":{"line":57,"column":9}},"line":53},"7":{"name":"(anonymous_7)","decl":{"start":{"line":64,"column":4},"end":{"line":64,"column":5}},"loc":{"start":{"line":64,"column":14},"end":{"line":77,"column":5}},"line":64},"8":{"name":"(anonymous_8)","decl":{"start":{"line":68,"column":20},"end":{"line":68,"column":21}},"loc":{"start":{"line":68,"column":28},"end":{"line":72,"column":9}},"line":68},"9":{"name":"(anonymous_9)","decl":{"start":{"line":79,"column":4},"end":{"line":79,"column":5}},"loc":{"start":{"line":79,"column":16},"end":{"line":92,"column":5}},"line":79},"10":{"name":"(anonymous_10)","decl":{"start":{"line":83,"column":20},"end":{"line":83,"column":21}},"loc":{"start":{"line":83,"column":28},"end":{"line":87,"column":9}},"line":83},"11":{"name":"(anonymous_11)","decl":{"start":{"line":94,"column":4},"end":{"line":94,"column":5}},"loc":{"start":{"line":94,"column":19},"end":{"line":108,"column":5}},"line":94},"12":{"name":"(anonymous_12)","decl":{"start":{"line":99,"column":20},"end":{"line":99,"column":21}},"loc":{"start":{"line":99,"column":28},"end":{"line":103,"column":9}},"line":99}},"branchMap":{"0":{"loc":{"start":{"line":6,"column":16},"end":{"line":6,"column":27}},"type":"default-arg","locations":[{"start":{"line":6,"column":23},"end":{"line":6,"column":27}}],"line":6},"1":{"loc":{"start":{"line":13,"column":8},"end":{"line":16,"column":9}},"type":"if","locations":[{"start":{"line":13,"column":8},"end":{"line":16,"column":9}},{"start":{"line":13,"column":8},"end":{"line":16,"column":9}}],"line":13},"2":{"loc":{"start":{"line":19,"column":12},"end":{"line":22,"column":13}},"type":"if","locations":[{"start":{"line":19,"column":12},"end":{"line":22,"column":13}},{"start":{"line":19,"column":12},"end":{"line":22,"column":13}}],"line":19},"3":{"loc":{"start":{"line":20,"column":16},"end":{"line":20,"column":69}},"type":"if","locations":[{"start":{"line":20,"column":16},"end":{"line":20,"column":69}},{"start":{"line":20,"column":16},"end":{"line":20,"column":69}}],"line":20},"4":{"loc":{"start":{"line":23,"column":12},"end":{"line":26,"column":13}},"type":"if","locations":[{"start":{"line":23,"column":12},"end":{"line":26,"column":13}},{"start":{"line":23,"column":12},"end":{"line":26,"column":13}}],"line":23},"5":{"loc":{"start":{"line":24,"column":16},"end":{"line":24,"column":67}},"type":"if","locations":[{"start":{"line":24,"column":16},"end":{"line":24,"column":67}},{"start":{"line":24,"column":16},"end":{"line":24,"column":67}}],"line":24},"6":{"loc":{"start":{"line":35,"column":8},"end":{"line":35,"column":45}},"type":"if","locations":[{"start":{"line":35,"column":8},"end":{"line":35,"column":45}},{"start":{"line":35,"column":8},"end":{"line":35,"column":45}}],"line":35},"7":{"loc":{"start":{"line":40,"column":12},"end":{"line":40,"column":57}},"type":"if","locations":[{"start":{"line":40,"column":12},"end":{"line":40,"column":57}},{"start":{"line":40,"column":12},"end":{"line":40,"column":57}}],"line":40},"8":{"loc":{"start":{"line":41,"column":12},"end":{"line":41,"column":44}},"type":"if","locations":[{"start":{"line":41,"column":12},"end":{"line":41,"column":44}},{"start":{"line":41,"column":12},"end":{"line":41,"column":44}}],"line":41},"9":{"loc":{"start":{"line":42,"column":12},"end":{"line":42,"column":46}},"type":"if","locations":[{"start":{"line":42,"column":12},"end":{"line":42,"column":46}},{"start":{"line":42,"column":12},"end":{"line":42,"column":46}}],"line":42},"10":{"loc":{"start":{"line":55,"column":12},"end":{"line":55,"column":44}},"type":"if","locations":[{"start":{"line":55,"column":12},"end":{"line":55,"column":44}},{"start":{"line":55,"column":12},"end":{"line":55,"column":44}}],"line":55},"11":{"loc":{"start":{"line":56,"column":12},"end":{"line":56,"column":46}},"type":"if","locations":[{"start":{"line":56,"column":12},"end":{"line":56,"column":46}},{"start":{"line":56,"column":12},"end":{"line":56,"column":46}}],"line":56},"12":{"loc":{"start":{"line":69,"column":12},"end":{"line":69,"column":44}},"type":"if","locations":[{"start":{"line":69,"column":12},"end":{"line":69,"column":44}},{"start":{"line":69,"column":12},"end":{"line":69,"column":44}}],"line":69},"13":{"loc":{"start":{"line":71,"column":12},"end":{"line":71,"column":46}},"type":"if","locations":[{"start":{"line":71,"column":12},"end":{"line":71,"column":46}},{"start":{"line":71,"column":12},"end":{"line":71,"column":46}}],"line":71},"14":{"loc":{"start":{"line":84,"column":12},"end":{"line":84,"column":44}},"type":"if","locations":[{"start":{"line":84,"column":12},"end":{"line":84,"column":44}},{"start":{"line":84,"column":12},"end":{"line":84,"column":44}}],"line":84},"15":{"loc":{"start":{"line":85,"column":12},"end":{"line":85,"column":46}},"type":"if","locations":[{"start":{"line":85,"column":12},"end":{"line":85,"column":46}},{"start":{"line":85,"column":12},"end":{"line":85,"column":46}}],"line":85},"16":{"loc":{"start":{"line":95,"column":8},"end":{"line":95,"column":44}},"type":"if","locations":[{"start":{"line":95,"column":8},"end":{"line":95,"column":44}},{"start":{"line":95,"column":8},"end":{"line":95,"column":44}}],"line":95},"17":{"loc":{"start":{"line":100,"column":12},"end":{"line":100,"column":51}},"type":"if","locations":[{"start":{"line":100,"column":12},"end":{"line":100,"column":51}},{"start":{"line":100,"column":12},"end":{"line":100,"column":51}}],"line":100},"18":{"loc":{"start":{"line":101,"column":12},"end":{"line":101,"column":44}},"type":"if","locations":[{"start":{"line":101,"column":12},"end":{"line":101,"column":44}},{"start":{"line":101,"column":12},"end":{"line":101,"column":44}}],"line":101},"19":{"loc":{"start":{"line":102,"column":12},"end":{"line":102,"column":46}},"type":"if","locations":[{"start":{"line":102,"column":12},"end":{"line":102,"column":46}},{"start":{"line":102,"column":12},"end":{"line":102,"column":46}}],"line":102}},"s":{"0":1,"1":1,"2":2,"3":5,"4":5,"5":1,"6":1,"7":4,"8":7,"9":6,"10":3,"11":3,"12":4,"13":1,"14":1,"15":0,"16":4,"17":4,"18":0,"19":0,"20":0,"21":0,"22":0,"23":0,"24":0,"25":0,"26":0,"27":0,"28":0,"29":0,"30":0,"31":0,"32":0,"33":0,"34":0,"35":0,"36":0,"37":0,"38":0,"39":0,"40":0,"41":0,"42":0,"43":0,"44":0,"45":0,"46":0,"47":0,"48":0,"49":0,"50":0,"51":0,"52":0,"53":0,"54":0,"55":0,"56":0,"57":2,"58":1,"59":1,"60":1,"61":5,"62":4,"63":5,"64":1,"65":5,"66":3,"67":1,"68":1},"f":{"0":2,"1":5,"2":7,"3":0,"4":0,"5":0,"6":0,"7":0,"8":0,"9":0,"10":0,"11":2,"12":5},"b":{"0":[2],"1":[1,4],"2":[6,1],"3":[3,3],"4":[1,3],"5":[1,0],"6":[0,0],"7":[0,0],"8":[0,0],"9":[0,0],"10":[0,0],"11":[0,0],"12":[0,0],"13":[0,0],"14":[0,0],"15":[0,0],"16":[1,1],"17":[4,1],"18":[1,4],"19":[3,2]},"_coverageSchema":"1a1c01bbd47fc00a2c39e90264f33305004495a9","hash":"7865063e2b05c2f4dc333491f58c06c1e329f352"}
,"C:\\Users\\jhous\\school-work\\data-structures-and-algorithms\\javascript\\code-challenges\\BinaryTree\\node.js": {"path":"C:\\Users\\jhous\\school-work\\data-structures-and-algorithms\\javascript\\code-challenges\\BinaryTree\\node.js","statementMap":{"0":{"start":{"line":3,"column":0},"end":{"line":9,"column":1}},"1":{"start":{"line":5,"column":8},"end":{"line":5,"column":27}},"2":{"start":{"line":6,"column":8},"end":{"line":6,"column":25}},"3":{"start":{"line":7,"column":8},"end":{"line":7,"column":27}}},"fnMap":{"0":{"name":"(anonymous_0)","decl":{"start":{"line":4,"column":4},"end":{"line":4,"column":5}},"loc":{"start":{"line":4,"column":50},"end":{"line":8,"column":5}},"line":4}},"branchMap":{"0":{"loc":{"start":{"line":4,"column":23},"end":{"line":4,"column":34}},"type":"default-arg","locations":[{"start":{"line":4,"column":30},"end":{"line":4,"column":34}}],"line":4},"1":{"loc":{"start":{"line":4,"column":36},"end":{"line":4,"column":48}},"type":"default-arg","locations":[{"start":{"line":4,"column":44},"end":{"line":4,"column":48}}],"line":4}},"s":{"0":1,"1":5,"2":5,"3":5},"f":{"0":5},"b":{"0":[5],"1":[5]},"_coverageSchema":"1a1c01bbd47fc00a2c39e90264f33305004495a9","hash":"b0462bee3837f4ecc07d475d31cd6923542cf7b4"}
,"C:\\Users\\jhous\\school-work\\data-structures-and-algorithms\\javascript\\code-challenges\\arrayBinarySearch\\array-binary-search.js": {"path":"C:\\Users\\jhous\\school-work\\data-structures-and-algorithms\\javascript\\code-challenges\\arrayBinarySearch\\array-binary-search.js","statementMap":{"0":{"start":{"line":5,"column":15},"end":{"line":5,"column":16}},"1":{"start":{"line":8,"column":16},"end":{"line":8,"column":30}},"2":{"start":{"line":11,"column":4},"end":{"line":27,"column":5}},"3":{"start":{"line":13,"column":21},"end":{"line":13,"column":51}},"4":{"start":{"line":16,"column":8},"end":{"line":26,"column":9}},"5":{"start":{"line":17,"column":12},"end":{"line":17,"column":30}},"6":{"start":{"line":20,"column":15},"end":{"line":26,"column":9}},"7":{"start":{"line":21,"column":12},"end":{"line":21,"column":31}},"8":{"start":{"line":25,"column":12},"end":{"line":25,"column":26}},"9":{"start":{"line":30,"column":4},"end":{"line":30,"column":14}},"10":{"start":{"line":33,"column":0},"end":{"line":33,"column":30}}},"fnMap":{"0":{"name":"binarySearch","decl":{"start":{"line":2,"column":9},"end":{"line":2,"column":21}},"loc":{"start":{"line":2,"column":35},"end":{"line":31,"column":1}},"line":2}},"branchMap":{"0":{"loc":{"start":{"line":16,"column":8},"end":{"line":26,"column":9}},"type":"if","locations":[{"start":{"line":16,"column":8},"end":{"line":26,"column":9}},{"start":{"line":16,"column":8},"end":{"line":26,"column":9}}],"line":16},"1":{"loc":{"start":{"line":20,"column":15},"end":{"line":26,"column":9}},"type":"if","locations":[{"start":{"line":20,"column":15},"end":{"line":26,"column":9}},{"start":{"line":20,"column":15},"end":{"line":26,"column":9}}],"line":20}},"s":{"0":3,"1":3,"2":3,"3":7,"4":7,"5":4,"6":3,"7":2,"8":1,"9":2,"10":1},"f":{"0":3},"b":{"0":[4,3],"1":[2,1]},"_coverageSchema":"1a1c01bbd47fc00a2c39e90264f33305004495a9","hash":"c75d0b861ba4a2be9b67dd39c46f2365be621b7b"}
,"C:\\Users\\jhous\\school-work\\data-structures-and-algorithms\\javascript\\code-challenges\\arrayShift\\array-shift.js": {"path":"C:\\Users\\jhous\\school-work\\data-structures-and-algorithms\\javascript\\code-challenges\\arrayShift\\array-shift.js","statementMap":{"0":{"start":{"line":4,"column":0},"end":{"line":44,"column":1}},"1":{"start":{"line":7,"column":17},"end":{"line":7,"column":42}},"2":{"start":{"line":10,"column":21},"end":{"line":10,"column":22}},"3":{"start":{"line":11,"column":18},"end":{"line":11,"column":19}},"4":{"start":{"line":14,"column":4},"end":{"line":39,"column":5}},"5":{"start":{"line":14,"column":17},"end":{"line":14,"column":18}},"6":{"start":{"line":16,"column":8},"end":{"line":38,"column":9}},"7":{"start":{"line":17,"column":12},"end":{"line":17,"column":29}},"8":{"start":{"line":20,"column":12},"end":{"line":20,"column":25}},"9":{"start":{"line":22,"column":15},"end":{"line":38,"column":9}},"10":{"start":{"line":26,"column":12},"end":{"line":26,"column":32}},"11":{"start":{"line":28,"column":12},"end":{"line":28,"column":29}},"12":{"start":{"line":30,"column":12},"end":{"line":30,"column":33}},"13":{"start":{"line":32,"column":15},"end":{"line":38,"column":9}},"14":{"start":{"line":36,"column":12},"end":{"line":36,"column":29}},"15":{"start":{"line":37,"column":12},"end":{"line":37,"column":18}},"16":{"start":{"line":42,"column":4},"end":{"line":42,"column":15}}},"fnMap":{"0":{"name":"insertShiftArray","decl":{"start":{"line":4,"column":26},"end":{"line":4,"column":42}},"loc":{"start":{"line":4,"column":53},"end":{"line":44,"column":1}},"line":4}},"branchMap":{"0":{"loc":{"start":{"line":16,"column":8},"end":{"line":38,"column":9}},"type":"if","locations":[{"start":{"line":16,"column":8},"end":{"line":38,"column":9}},{"start":{"line":16,"column":8},"end":{"line":38,"column":9}}],"line":16},"1":{"loc":{"start":{"line":22,"column":15},"end":{"line":38,"column":9}},"type":"if","locations":[{"start":{"line":22,"column":15},"end":{"line":38,"column":9}},{"start":{"line":22,"column":15},"end":{"line":38,"column":9}}],"line":22},"2":{"loc":{"start":{"line":22,"column":19},"end":{"line":22,"column":47}},"type":"binary-expr","locations":[{"start":{"line":22,"column":19},"end":{"line":22,"column":29}},{"start":{"line":22,"column":33},"end":{"line":22,"column":47}}],"line":22},"3":{"loc":{"start":{"line":32,"column":15},"end":{"line":38,"column":9}},"type":"if","locations":[{"start":{"line":32,"column":15},"end":{"line":38,"column":9}},{"start":{"line":32,"column":15},"end":{"line":38,"column":9}}],"line":32}},"s":{"0":1,"1":2,"2":2,"3":2,"4":2,"5":2,"6":11,"7":2,"8":2,"9":9,"10":2,"11":2,"12":2,"13":7,"14":2,"15":2,"16":2},"f":{"0":2},"b":{"0":[2,9],"1":[2,7],"2":[9,4],"3":[2,5]},"_coverageSchema":"1a1c01bbd47fc00a2c39e90264f33305004495a9","hash":"21dc032d93a3e9056d382280f78713e18d1c0c08"}
,"C:\\Users\\jhous\\school-work\\data-structures-and-algorithms\\javascript\\code-challenges\\fifoAnimalShelter\\fifo-animal-shelter.js": {"path":"C:\\Users\\jhous\\school-work\\data-structures-and-algorithms\\javascript\\code-challenges\\fifoAnimalShelter\\fifo-animal-shelter.js","statementMap":{"0":{"start":{"line":3,"column":14},"end":{"line":3,"column":35}},"1":{"start":{"line":7,"column":8},"end":{"line":7,"column":25}},"2":{"start":{"line":16,"column":8},"end":{"line":16,"column":32}},"3":{"start":{"line":17,"column":8},"end":{"line":17,"column":32}},"4":{"start":{"line":21,"column":8},"end":{"line":25,"column":9}},"5":{"start":{"line":22,"column":12},"end":{"line":22,"column":37}},"6":{"start":{"line":23,"column":15},"end":{"line":25,"column":9}},"7":{"start":{"line":24,"column":12},"end":{"line":24,"column":38}},"8":{"start":{"line":29,"column":8},"end":{"line":29,"column":58}},"9":{"start":{"line":29,"column":46},"end":{"line":29,"column":58}},"10":{"start":{"line":30,"column":8},"end":{"line":30,"column":55}},"11":{"start":{"line":30,"column":28},"end":{"line":30,"column":55}},"12":{"start":{"line":31,"column":8},"end":{"line":31,"column":55}},"13":{"start":{"line":31,"column":28},"end":{"line":31,"column":55}},"14":{"start":{"line":35,"column":8},"end":{"line":35,"column":58}},"15":{"start":{"line":35,"column":46},"end":{"line":35,"column":58}},"16":{"start":{"line":36,"column":8},"end":{"line":36,"column":52}},"17":{"start":{"line":36,"column":28},"end":{"line":36,"column":52}},"18":{"start":{"line":37,"column":8},"end":{"line":37,"column":52}},"19":{"start":{"line":37,"column":28},"end":{"line":37,"column":52}},"20":{"start":{"line":41,"column":0},"end":{"line":41,"column":45}}},"fnMap":{"0":{"name":"(anonymous_0)","decl":{"start":{"line":6,"column":4},"end":{"line":6,"column":5}},"loc":{"start":{"line":6,"column":22},"end":{"line":8,"column":5}},"line":6},"1":{"name":"(anonymous_1)","decl":{"start":{"line":15,"column":4},"end":{"line":15,"column":5}},"loc":{"start":{"line":15,"column":18},"end":{"line":18,"column":5}},"line":15},"2":{"name":"(anonymous_2)","decl":{"start":{"line":20,"column":4},"end":{"line":20,"column":5}},"loc":{"start":{"line":20,"column":20},"end":{"line":26,"column":5}},"line":20},"3":{"name":"(anonymous_3)","decl":{"start":{"line":28,"column":4},"end":{"line":28,"column":5}},"loc":{"start":{"line":28,"column":18},"end":{"line":32,"column":5}},"line":28},"4":{"name":"(anonymous_4)","decl":{"start":{"line":34,"column":4},"end":{"line":34,"column":5}},"loc":{"start":{"line":34,"column":15},"end":{"line":38,"column":5}},"line":34}},"branchMap":{"0":{"loc":{"start":{"line":21,"column":8},"end":{"line":25,"column":9}},"type":"if","locations":[{"start":{"line":21,"column":8},"end":{"line":25,"column":9}},{"start":{"line":21,"column":8},"end":{"line":25,"column":9}}],"line":21},"1":{"loc":{"start":{"line":23,"column":15},"end":{"line":25,"column":9}},"type":"if","locations":[{"start":{"line":23,"column":15},"end":{"line":25,"column":9}},{"start":{"line":23,"column":15},"end":{"line":25,"column":9}}],"line":23},"2":{"loc":{"start":{"line":29,"column":8},"end":{"line":29,"column":58}},"type":"if","locations":[{"start":{"line":29,"column":8},"end":{"line":29,"column":58}},{"start":{"line":29,"column":8},"end":{"line":29,"column":58}}],"line":29},"3":{"loc":{"start":{"line":29,"column":12},"end":{"line":29,"column":44}},"type":"binary-expr","locations":[{"start":{"line":29,"column":12},"end":{"line":29,"column":26}},{"start":{"line":29,"column":30},"end":{"line":29,"column":44}}],"line":29},"4":{"loc":{"start":{"line":30,"column":8},"end":{"line":30,"column":55}},"type":"if","locations":[{"start":{"line":30,"column":8},"end":{"line":30,"column":55}},{"start":{"line":30,"column":8},"end":{"line":30,"column":55}}],"line":30},"5":{"loc":{"start":{"line":31,"column":8},"end":{"line":31,"column":55}},"type":"if","locations":[{"start":{"line":31,"column":8},"end":{"line":31,"column":55}},{"start":{"line":31,"column":8},"end":{"line":31,"column":55}}],"line":31},"6":{"loc":{"start":{"line":35,"column":8},"end":{"line":35,"column":58}},"type":"if","locations":[{"start":{"line":35,"column":8},"end":{"line":35,"column":58}},{"start":{"line":35,"column":8},"end":{"line":35,"column":58}}],"line":35},"7":{"loc":{"start":{"line":35,"column":12},"end":{"line":35,"column":44}},"type":"binary-expr","locations":[{"start":{"line":35,"column":12},"end":{"line":35,"column":26}},{"start":{"line":35,"column":30},"end":{"line":35,"column":44}}],"line":35},"8":{"loc":{"start":{"line":36,"column":8},"end":{"line":36,"column":52}},"type":"if","locations":[{"start":{"line":36,"column":8},"end":{"line":36,"column":52}},{"start":{"line":36,"column":8},"end":{"line":36,"column":52}}],"line":36},"9":{"loc":{"start":{"line":37,"column":8},"end":{"line":37,"column":52}},"type":"if","locations":[{"start":{"line":37,"column":8},"end":{"line":37,"column":52}},{"start":{"line":37,"column":8},"end":{"line":37,"column":52}}],"line":37}},"s":{"0":1,"1":4,"2":1,"3":1,"4":4,"5":2,"6":2,"7":2,"8":4,"9":0,"10":4,"11":2,"12":2,"13":2,"14":4,"15":0,"16":4,"17":2,"18":2,"19":2,"20":1},"f":{"0":4,"1":1,"2":4,"3":4,"4":4},"b":{"0":[2,2],"1":[2,0],"2":[0,4],"3":[4,2],"4":[2,2],"5":[2,0],"6":[0,4],"7":[4,2],"8":[2,2],"9":[2,0]},"_coverageSchema":"1a1c01bbd47fc00a2c39e90264f33305004495a9","hash":"15088ca149855f726102811f004726b83be06363"}
,"C:\\Users\\jhous\\school-work\\data-structures-and-algorithms\\javascript\\code-challenges\\fifoAnimalShelter\\queue.js": {"path":"C:\\Users\\jhous\\school-work\\data-structures-and-algorithms\\javascript\\code-challenges\\fifoAnimalShelter\\queue.js","statementMap":{"0":{"start":{"line":5,"column":8},"end":{"line":5,"column":26}},"1":{"start":{"line":6,"column":8},"end":{"line":6,"column":25}},"2":{"start":{"line":10,"column":8},"end":{"line":16,"column":9}},"3":{"start":{"line":11,"column":12},"end":{"line":11,"column":43}},"4":{"start":{"line":13,"column":12},"end":{"line":13,"column":35}},"5":{"start":{"line":15,"column":12},"end":{"line":15,"column":30}},"6":{"start":{"line":18,"column":8},"end":{"line":18,"column":20}},"7":{"start":{"line":22,"column":20},"end":{"line":22,"column":30}},"8":{"start":{"line":24,"column":8},"end":{"line":26,"column":9}},"9":{"start":{"line":25,"column":12},"end":{"line":25,"column":41}},"10":{"start":{"line":28,"column":8},"end":{"line":30,"column":9}},"11":{"start":{"line":29,"column":12},"end":{"line":29,"column":29}},"12":{"start":{"line":32,"column":8},"end":{"line":32,"column":21}},"13":{"start":{"line":36,"column":8},"end":{"line":36,"column":27}},"14":{"start":{"line":40,"column":8},"end":{"line":40,"column":49}},"15":{"start":{"line":40,"column":28},"end":{"line":40,"column":49}},"16":{"start":{"line":42,"column":8},"end":{"line":42,"column":26}},"17":{"start":{"line":46,"column":0},"end":{"line":46,"column":23}}},"fnMap":{"0":{"name":"(anonymous_0)","decl":{"start":{"line":4,"column":4},"end":{"line":4,"column":5}},"loc":{"start":{"line":4,"column":18},"end":{"line":7,"column":5}},"line":4},"1":{"name":"(anonymous_1)","decl":{"start":{"line":9,"column":4},"end":{"line":9,"column":5}},"loc":{"start":{"line":9,"column":19},"end":{"line":19,"column":5}},"line":9},"2":{"name":"(anonymous_2)","decl":{"start":{"line":21,"column":4},"end":{"line":21,"column":5}},"loc":{"start":{"line":21,"column":14},"end":{"line":33,"column":5}},"line":21},"3":{"name":"(anonymous_3)","decl":{"start":{"line":35,"column":4},"end":{"line":35,"column":5}},"loc":{"start":{"line":35,"column":14},"end":{"line":37,"column":5}},"line":35},"4":{"name":"(anonymous_4)","decl":{"start":{"line":39,"column":4},"end":{"line":39,"column":5}},"loc":{"start":{"line":39,"column":11},"end":{"line":43,"column":5}},"line":39}},"branchMap":{"0":{"loc":{"start":{"line":10,"column":8},"end":{"line":16,"column":9}},"type":"if","locations":[{"start":{"line":10,"column":8},"end":{"line":16,"column":9}},{"start":{"line":10,"column":8},"end":{"line":16,"column":9}}],"line":10},"1":{"loc":{"start":{"line":24,"column":8},"end":{"line":26,"column":9}},"type":"if","locations":[{"start":{"line":24,"column":8},"end":{"line":26,"column":9}},{"start":{"line":24,"column":8},"end":{"line":26,"column":9}}],"line":24},"2":{"loc":{"start":{"line":28,"column":8},"end":{"line":30,"column":9}},"type":"if","locations":[{"start":{"line":28,"column":8},"end":{"line":30,"column":9}},{"start":{"line":28,"column":8},"end":{"line":30,"column":9}}],"line":28},"3":{"loc":{"start":{"line":40,"column":8},"end":{"line":40,"column":49}},"type":"if","locations":[{"start":{"line":40,"column":8},"end":{"line":40,"column":49}},{"start":{"line":40,"column":8},"end":{"line":40,"column":49}}],"line":40}},"s":{"0":2,"1":2,"2":4,"3":2,"4":2,"5":2,"6":4,"7":4,"8":4,"9":4,"10":4,"11":2,"12":4,"13":8,"14":4,"15":0,"16":4,"17":1},"f":{"0":2,"1":4,"2":4,"3":8,"4":4},"b":{"0":[2,2],"1":[4,0],"2":[2,2],"3":[0,4]},"_coverageSchema":"1a1c01bbd47fc00a2c39e90264f33305004495a9","hash":"c49286ae3c1ba99b93e3fdf2d6e6a8a0d19dca43"}
,"C:\\Users\\jhous\\school-work\\data-structures-and-algorithms\\javascript\\code-challenges\\insertionSort\\index.js": {"path":"C:\\Users\\jhous\\school-work\\data-structures-and-algorithms\\javascript\\code-challenges\\insertionSort\\index.js","statementMap":{"0":{"start":{"line":3,"column":0},"end":{"line":27,"column":1}},"1":{"start":{"line":4,"column":4},"end":{"line":4,"column":36}},"2":{"start":{"line":4,"column":26},"end":{"line":4,"column":36}},"3":{"start":{"line":6,"column":4},"end":{"line":24,"column":5}},"4":{"start":{"line":6,"column":17},"end":{"line":6,"column":18}},"5":{"start":{"line":8,"column":16},"end":{"line":8,"column":21}},"6":{"start":{"line":10,"column":19},"end":{"line":10,"column":25}},"7":{"start":{"line":13,"column":8},"end":{"line":19,"column":9}},"8":{"start":{"line":16,"column":12},"end":{"line":16,"column":32}},"9":{"start":{"line":18,"column":12},"end":{"line":18,"column":22}},"10":{"start":{"line":23,"column":8},"end":{"line":23,"column":26}},"11":{"start":{"line":26,"column":4},"end":{"line":26,"column":15}}},"fnMap":{"0":{"name":"insertionSort","decl":{"start":{"line":3,"column":26},"end":{"line":3,"column":39}},"loc":{"start":{"line":3,"column":45},"end":{"line":27,"column":1}},"line":3}},"branchMap":{"0":{"loc":{"start":{"line":4,"column":4},"end":{"line":4,"column":36}},"type":"if","locations":[{"start":{"line":4,"column":4},"end":{"line":4,"column":36}},{"start":{"line":4,"column":4},"end":{"line":4,"column":36}}],"line":4},"1":{"loc":{"start":{"line":13,"column":15},"end":{"line":13,"column":38}},"type":"binary-expr","locations":[{"start":{"line":13,"column":15},"end":{"line":13,"column":21}},{"start":{"line":13,"column":25},"end":{"line":13,"column":38}}],"line":13}},"s":{"0":1,"1":2,"2":1,"3":1,"4":1,"5":5,"6":5,"7":5,"8":6,"9":6,"10":5,"11":1},"f":{"0":2},"b":{"0":[1,1],"1":[11,10]},"_coverageSchema":"1a1c01bbd47fc00a2c39e90264f33305004495a9","hash":"89dc5583f669b4ca1e06038d8121ada9ddbe7df6"}
,"C:\\Users\\jhous\\school-work\\data-structures-and-algorithms\\javascript\\code-challenges\\linkedList\\lib\\linked-list.js": {"path":"C:\\Users\\jhous\\school-work\\data-structures-and-algorithms\\javascript\\code-challenges\\linkedList\\lib\\linked-list.js","statementMap":{"0":{"start":{"line":3,"column":13},"end":{"line":3,"column":33}},"1":{"start":{"line":7,"column":8},"end":{"line":7,"column":25}},"2":{"start":{"line":12,"column":19},"end":{"line":12,"column":34}},"3":{"start":{"line":14,"column":8},"end":{"line":26,"column":9}},"4":{"start":{"line":15,"column":12},"end":{"line":15,"column":29}},"5":{"start":{"line":19,"column":26},"end":{"line":19,"column":35}},"6":{"start":{"line":21,"column":12},"end":{"line":23,"column":13}},"7":{"start":{"line":22,"column":16},"end":{"line":22,"column":39}},"8":{"start":{"line":25,"column":12},"end":{"line":25,"column":32}},"9":{"start":{"line":28,"column":8},"end":{"line":28,"column":20}},"10":{"start":{"line":33,"column":19},"end":{"line":33,"column":34}},"11":{"start":{"line":34,"column":23},"end":{"line":34,"column":32}},"12":{"start":{"line":35,"column":8},"end":{"line":35,"column":25}},"13":{"start":{"line":36,"column":8},"end":{"line":36,"column":34}},"14":{"start":{"line":40,"column":22},"end":{"line":40,"column":31}},"15":{"start":{"line":41,"column":8},"end":{"line":43,"column":9}},"16":{"start":{"line":42,"column":12},"end":{"line":42,"column":24}},"17":{"start":{"line":45,"column":8},"end":{"line":51,"column":9}},"18":{"start":{"line":46,"column":12},"end":{"line":50,"column":13}},"19":{"start":{"line":47,"column":16},"end":{"line":47,"column":28}},"20":{"start":{"line":49,"column":16},"end":{"line":49,"column":39}},"21":{"start":{"line":53,"column":8},"end":{"line":53,"column":21}},"22":{"start":{"line":58,"column":22},"end":{"line":58,"column":31}},"23":{"start":{"line":59,"column":21},"end":{"line":59,"column":23}},"24":{"start":{"line":62,"column":8},"end":{"line":65,"column":9}},"25":{"start":{"line":63,"column":12},"end":{"line":63,"column":49}},"26":{"start":{"line":64,"column":12},"end":{"line":64,"column":35}},"27":{"start":{"line":67,"column":8},"end":{"line":67,"column":25}},"28":{"start":{"line":69,"column":8},"end":{"line":69,"column":22}},"29":{"start":{"line":73,"column":22},"end":{"line":73,"column":31}},"30":{"start":{"line":77,"column":8},"end":{"line":102,"column":9}},"31":{"start":{"line":78,"column":12},"end":{"line":101,"column":13}},"32":{"start":{"line":80,"column":27},"end":{"line":80,"column":43}},"33":{"start":{"line":83,"column":16},"end":{"line":96,"column":17}},"34":{"start":{"line":85,"column":20},"end":{"line":85,"column":40}},"35":{"start":{"line":87,"column":20},"end":{"line":87,"column":37}},"36":{"start":{"line":89,"column":20},"end":{"line":89,"column":32}},"37":{"start":{"line":92,"column":20},"end":{"line":92,"column":37}},"38":{"start":{"line":94,"column":20},"end":{"line":94,"column":40}},"39":{"start":{"line":95,"column":20},"end":{"line":95,"column":32}},"40":{"start":{"line":99,"column":16},"end":{"line":99,"column":31}},"41":{"start":{"line":100,"column":16},"end":{"line":100,"column":39}},"42":{"start":{"line":104,"column":8},"end":{"line":104,"column":20}},"43":{"start":{"line":108,"column":22},"end":{"line":108,"column":31}},"44":{"start":{"line":109,"column":8},"end":{"line":125,"column":9}},"45":{"start":{"line":110,"column":12},"end":{"line":124,"column":13}},"46":{"start":{"line":112,"column":27},"end":{"line":112,"column":43}},"47":{"start":{"line":115,"column":16},"end":{"line":115,"column":41}},"48":{"start":{"line":118,"column":16},"end":{"line":118,"column":36}},"49":{"start":{"line":120,"column":16},"end":{"line":120,"column":28}},"50":{"start":{"line":123,"column":16},"end":{"line":123,"column":39}},"51":{"start":{"line":127,"column":8},"end":{"line":127,"column":20}},"52":{"start":{"line":132,"column":8},"end":{"line":132,"column":31}},"53":{"start":{"line":132,"column":19},"end":{"line":132,"column":31}},"54":{"start":{"line":134,"column":22},"end":{"line":134,"column":31}},"55":{"start":{"line":135,"column":24},"end":{"line":135,"column":26}},"56":{"start":{"line":138,"column":8},"end":{"line":143,"column":9}},"57":{"start":{"line":139,"column":12},"end":{"line":141,"column":13}},"58":{"start":{"line":140,"column":16},"end":{"line":140,"column":46}},"59":{"start":{"line":142,"column":12},"end":{"line":142,"column":35}},"60":{"start":{"line":145,"column":8},"end":{"line":145,"column":40}},"61":{"start":{"line":149,"column":8},"end":{"line":149,"column":72}},"62":{"start":{"line":149,"column":60},"end":{"line":149,"column":72}},"63":{"start":{"line":152,"column":8},"end":{"line":154,"column":9}},"64":{"start":{"line":153,"column":12},"end":{"line":153,"column":63}},"65":{"start":{"line":157,"column":8},"end":{"line":159,"column":9}},"66":{"start":{"line":158,"column":12},"end":{"line":158,"column":48}},"67":{"start":{"line":162,"column":8},"end":{"line":162,"column":28}},"68":{"start":{"line":167,"column":0},"end":{"line":167,"column":28}}},"fnMap":{"0":{"name":"(anonymous_0)","decl":{"start":{"line":6,"column":4},"end":{"line":6,"column":5}},"loc":{"start":{"line":6,"column":18},"end":{"line":8,"column":5}},"line":6},"1":{"name":"(anonymous_1)","decl":{"start":{"line":10,"column":4},"end":{"line":10,"column":5}},"loc":{"start":{"line":10,"column":18},"end":{"line":29,"column":5}},"line":10},"2":{"name":"(anonymous_2)","decl":{"start":{"line":32,"column":4},"end":{"line":32,"column":5}},"loc":{"start":{"line":32,"column":18},"end":{"line":37,"column":5}},"line":32},"3":{"name":"(anonymous_3)","decl":{"start":{"line":39,"column":4},"end":{"line":39,"column":5}},"loc":{"start":{"line":39,"column":20},"end":{"line":55,"column":5}},"line":39},"4":{"name":"(anonymous_4)","decl":{"start":{"line":57,"column":4},"end":{"line":57,"column":5}},"loc":{"start":{"line":57,"column":15},"end":{"line":70,"column":5}},"line":57},"5":{"name":"(anonymous_5)","decl":{"start":{"line":72,"column":4},"end":{"line":72,"column":5}},"loc":{"start":{"line":72,"column":32},"end":{"line":105,"column":5}},"line":72},"6":{"name":"(anonymous_6)","decl":{"start":{"line":107,"column":4},"end":{"line":107,"column":5}},"loc":{"start":{"line":107,"column":31},"end":{"line":128,"column":5}},"line":107},"7":{"name":"(anonymous_7)","decl":{"start":{"line":130,"column":4},"end":{"line":130,"column":5}},"loc":{"start":{"line":130,"column":18},"end":{"line":164,"column":5}},"line":130}},"branchMap":{"0":{"loc":{"start":{"line":14,"column":8},"end":{"line":26,"column":9}},"type":"if","locations":[{"start":{"line":14,"column":8},"end":{"line":26,"column":9}},{"start":{"line":14,"column":8},"end":{"line":26,"column":9}}],"line":14},"1":{"loc":{"start":{"line":41,"column":8},"end":{"line":43,"column":9}},"type":"if","locations":[{"start":{"line":41,"column":8},"end":{"line":43,"column":9}},{"start":{"line":41,"column":8},"end":{"line":43,"column":9}}],"line":41},"2":{"loc":{"start":{"line":46,"column":12},"end":{"line":50,"column":13}},"type":"if","locations":[{"start":{"line":46,"column":12},"end":{"line":50,"column":13}},{"start":{"line":46,"column":12},"end":{"line":50,"column":13}}],"line":46},"3":{"loc":{"start":{"line":78,"column":12},"end":{"line":101,"column":13}},"type":"if","locations":[{"start":{"line":78,"column":12},"end":{"line":101,"column":13}},{"start":{"line":78,"column":12},"end":{"line":101,"column":13}}],"line":78},"4":{"loc":{"start":{"line":83,"column":16},"end":{"line":96,"column":17}},"type":"if","locations":[{"start":{"line":83,"column":16},"end":{"line":96,"column":17}},{"start":{"line":83,"column":16},"end":{"line":96,"column":17}}],"line":83},"5":{"loc":{"start":{"line":110,"column":12},"end":{"line":124,"column":13}},"type":"if","locations":[{"start":{"line":110,"column":12},"end":{"line":124,"column":13}},{"start":{"line":110,"column":12},"end":{"line":124,"column":13}}],"line":110},"6":{"loc":{"start":{"line":132,"column":8},"end":{"line":132,"column":31}},"type":"if","locations":[{"start":{"line":132,"column":8},"end":{"line":132,"column":31}},{"start":{"line":132,"column":8},"end":{"line":132,"column":31}}],"line":132},"7":{"loc":{"start":{"line":139,"column":12},"end":{"line":141,"column":13}},"type":"if","locations":[{"start":{"line":139,"column":12},"end":{"line":141,"column":13}},{"start":{"line":139,"column":12},"end":{"line":141,"column":13}}],"line":139},"8":{"loc":{"start":{"line":149,"column":8},"end":{"line":149,"column":72}},"type":"if","locations":[{"start":{"line":149,"column":8},"end":{"line":149,"column":72}},{"start":{"line":149,"column":8},"end":{"line":149,"column":72}}],"line":149},"9":{"loc":{"start":{"line":149,"column":12},"end":{"line":149,"column":58}},"type":"binary-expr","locations":[{"start":{"line":149,"column":12},"end":{"line":149,"column":32}},{"start":{"line":149,"column":36},"end":{"line":149,"column":58}}],"line":149},"10":{"loc":{"start":{"line":152,"column":8},"end":{"line":154,"column":9}},"type":"if","locations":[{"start":{"line":152,"column":8},"end":{"line":154,"column":9}},{"start":{"line":152,"column":8},"end":{"line":154,"column":9}}],"line":152},"11":{"loc":{"start":{"line":152,"column":12},"end":{"line":152,"column":45}},"type":"binary-expr","locations":[{"start":{"line":152,"column":12},"end":{"line":152,"column":19}},{"start":{"line":152,"column":23},"end":{"line":152,"column":45}}],"line":152},"12":{"loc":{"start":{"line":157,"column":8},"end":{"line":159,"column":9}},"type":"if","locations":[{"start":{"line":157,"column":8},"end":{"line":159,"column":9}},{"start":{"line":157,"column":8},"end":{"line":159,"column":9}}],"line":157},"13":{"loc":{"start":{"line":157,"column":12},"end":{"line":157,"column":49}},"type":"binary-expr","locations":[{"start":{"line":157,"column":13},"end":{"line":157,"column":18}},{"start":{"line":157,"column":24},"end":{"line":157,"column":48}}],"line":157}},"s":{"0":1,"1":18,"2":39,"3":39,"4":16,"5":23,"6":23,"7":16,"8":23,"9":39,"10":4,"11":4,"12":4,"13":4,"14":2,"15":2,"16":1,"17":1,"18":1,"19":0,"20":1,"21":1,"22":3,"23":3,"24":3,"25":12,"26":12,"27":3,"28":3,"29":2,"30":2,"31":3,"32":2,"33":2,"34":1,"35":1,"36":1,"37":1,"38":1,"39":1,"40":1,"41":1,"42":0,"43":2,"44":2,"45":5,"46":2,"47":2,"48":2,"49":2,"50":3,"51":0,"52":6,"53":1,"54":5,"55":5,"56":5,"57":15,"58":15,"59":15,"60":5,"61":5,"62":2,"63":3,"64":1,"65":2,"66":1,"67":1,"68":1},"f":{"0":18,"1":39,"2":4,"3":2,"4":3,"5":2,"6":2,"7":6},"b":{"0":[16,23],"1":[1,1],"2":[0,1],"3":[2,1],"4":[1,1],"5":[2,3],"6":[1,5],"7":[15,0],"8":[2,3],"9":[5,4],"10":[1,2],"11":[3,2],"12":[1,1],"13":[2,1]},"_coverageSchema":"1a1c01bbd47fc00a2c39e90264f33305004495a9","hash":"dcb1d4264b7fb22f67e6b3e4a66a854b2dbdb033"}
,"C:\\Users\\jhous\\school-work\\data-structures-and-algorithms\\javascript\\code-challenges\\linkedList\\lib\\node.js": {"path":"C:\\Users\\jhous\\school-work\\data-structures-and-algorithms\\javascript\\code-challenges\\linkedList\\lib\\node.js","statementMap":{"0":{"start":{"line":5,"column":8},"end":{"line":5,"column":27}},"1":{"start":{"line":6,"column":8},"end":{"line":6,"column":25}},"2":{"start":{"line":10,"column":0},"end":{"line":10,"column":22}}},"fnMap":{"0":{"name":"(anonymous_0)","decl":{"start":{"line":4,"column":4},"end":{"line":4,"column":5}},"loc":{"start":{"line":4,"column":23},"end":{"line":7,"column":5}},"line":4}},"branchMap":{},"s":{"0":47,"1":47,"2":1},"f":{"0":47},"b":{},"_coverageSchema":"1a1c01bbd47fc00a2c39e90264f33305004495a9","hash":"002b5936efd3a750cd9cc48f0460707d9e79590d"}
,"C:\\Users\\jhous\\school-work\\data-structures-and-algorithms\\javascript\\code-challenges\\llZip\\ll-zip.js": {"path":"C:\\Users\\jhous\\school-work\\data-structures-and-algorithms\\javascript\\code-challenges\\llZip\\ll-zip.js","statementMap":{"0":{"start":{"line":3,"column":11},"end":{"line":3,"column":42}},"1":{"start":{"line":5,"column":0},"end":{"line":31,"column":1}},"2":{"start":{"line":6,"column":4},"end":{"line":6,"column":48}},"3":{"start":{"line":6,"column":36},"end":{"line":6,"column":48}},"4":{"start":{"line":7,"column":4},"end":{"line":7,"column":45}},"5":{"start":{"line":7,"column":21},"end":{"line":7,"column":45}},"6":{"start":{"line":8,"column":4},"end":{"line":8,"column":45}},"7":{"start":{"line":8,"column":21},"end":{"line":8,"column":45}},"8":{"start":{"line":10,"column":18},"end":{"line":10,"column":28}},"9":{"start":{"line":11,"column":19},"end":{"line":11,"column":29}},"10":{"start":{"line":13,"column":18},"end":{"line":13,"column":26}},"11":{"start":{"line":15,"column":4},"end":{"line":28,"column":5}},"12":{"start":{"line":16,"column":8},"end":{"line":20,"column":9}},"13":{"start":{"line":17,"column":12},"end":{"line":17,"column":42}},"14":{"start":{"line":19,"column":12},"end":{"line":19,"column":35}},"15":{"start":{"line":22,"column":8},"end":{"line":26,"column":9}},"16":{"start":{"line":23,"column":12},"end":{"line":23,"column":43}},"17":{"start":{"line":25,"column":12},"end":{"line":25,"column":37}},"18":{"start":{"line":30,"column":4},"end":{"line":30,"column":30}}},"fnMap":{"0":{"name":"zipLists","decl":{"start":{"line":5,"column":26},"end":{"line":5,"column":34}},"loc":{"start":{"line":5,"column":49},"end":{"line":31,"column":1}},"line":5}},"branchMap":{"0":{"loc":{"start":{"line":6,"column":4},"end":{"line":6,"column":48}},"type":"if","locations":[{"start":{"line":6,"column":4},"end":{"line":6,"column":48}},{"start":{"line":6,"column":4},"end":{"line":6,"column":48}}],"line":6},"1":{"loc":{"start":{"line":6,"column":8},"end":{"line":6,"column":34}},"type":"binary-expr","locations":[{"start":{"line":6,"column":8},"end":{"line":6,"column":19}},{"start":{"line":6,"column":23},"end":{"line":6,"column":34}}],"line":6},"2":{"loc":{"start":{"line":7,"column":4},"end":{"line":7,"column":45}},"type":"if","locations":[{"start":{"line":7,"column":4},"end":{"line":7,"column":45}},{"start":{"line":7,"column":4},"end":{"line":7,"column":45}}],"line":7},"3":{"loc":{"start":{"line":8,"column":4},"end":{"line":8,"column":45}},"type":"if","locations":[{"start":{"line":8,"column":4},"end":{"line":8,"column":45}},{"start":{"line":8,"column":4},"end":{"line":8,"column":45}}],"line":8},"4":{"loc":{"start":{"line":15,"column":11},"end":{"line":15,"column":30}},"type":"binary-expr","locations":[{"start":{"line":15,"column":11},"end":{"line":15,"column":18}},{"start":{"line":15,"column":22},"end":{"line":15,"column":30}}],"line":15},"5":{"loc":{"start":{"line":16,"column":8},"end":{"line":20,"column":9}},"type":"if","locations":[{"start":{"line":16,"column":8},"end":{"line":20,"column":9}},{"start":{"line":16,"column":8},"end":{"line":20,"column":9}}],"line":16},"6":{"loc":{"start":{"line":22,"column":8},"end":{"line":26,"column":9}},"type":"if","locations":[{"start":{"line":22,"column":8},"end":{"line":26,"column":9}},{"start":{"line":22,"column":8},"end":{"line":26,"column":9}}],"line":22}},"s":{"0":1,"1":1,"2":4,"3":1,"4":3,"5":1,"6":2,"7":1,"8":1,"9":1,"10":1,"11":1,"12":3,"13":3,"14":3,"15":3,"16":3,"17":3,"18":1},"f":{"0":4},"b":{"0":[1,3],"1":[4,2],"2":[1,2],"3":[1,1],"4":[4,1],"5":[3,0],"6":[3,0]},"_coverageSchema":"1a1c01bbd47fc00a2c39e90264f33305004495a9","hash":"d557dfa5365a44e6b026d2f8ee986e01b1d738c1"}
,"C:\\Users\\jhous\\school-work\\data-structures-and-algorithms\\javascript\\code-challenges\\llZip\\lib\\linked-list.js": {"path":"C:\\Users\\jhous\\school-work\\data-structures-and-algorithms\\javascript\\code-challenges\\llZip\\lib\\linked-list.js","statementMap":{"0":{"start":{"line":3,"column":13},"end":{"line":3,"column":33}},"1":{"start":{"line":7,"column":8},"end":{"line":7,"column":25}},"2":{"start":{"line":12,"column":19},"end":{"line":12,"column":34}},"3":{"start":{"line":14,"column":8},"end":{"line":26,"column":9}},"4":{"start":{"line":15,"column":12},"end":{"line":15,"column":29}},"5":{"start":{"line":19,"column":26},"end":{"line":19,"column":35}},"6":{"start":{"line":21,"column":12},"end":{"line":23,"column":13}},"7":{"start":{"line":22,"column":16},"end":{"line":22,"column":39}},"8":{"start":{"line":25,"column":12},"end":{"line":25,"column":32}},"9":{"start":{"line":28,"column":8},"end":{"line":28,"column":20}},"10":{"start":{"line":33,"column":19},"end":{"line":33,"column":34}},"11":{"start":{"line":34,"column":23},"end":{"line":34,"column":32}},"12":{"start":{"line":35,"column":8},"end":{"line":35,"column":25}},"13":{"start":{"line":36,"column":8},"end":{"line":36,"column":34}},"14":{"start":{"line":40,"column":22},"end":{"line":40,"column":31}},"15":{"start":{"line":41,"column":8},"end":{"line":43,"column":9}},"16":{"start":{"line":42,"column":12},"end":{"line":42,"column":24}},"17":{"start":{"line":45,"column":8},"end":{"line":51,"column":9}},"18":{"start":{"line":46,"column":12},"end":{"line":50,"column":13}},"19":{"start":{"line":47,"column":16},"end":{"line":47,"column":28}},"20":{"start":{"line":49,"column":16},"end":{"line":49,"column":39}},"21":{"start":{"line":53,"column":8},"end":{"line":53,"column":21}},"22":{"start":{"line":58,"column":22},"end":{"line":58,"column":31}},"23":{"start":{"line":59,"column":21},"end":{"line":59,"column":23}},"24":{"start":{"line":62,"column":8},"end":{"line":65,"column":9}},"25":{"start":{"line":63,"column":12},"end":{"line":63,"column":49}},"26":{"start":{"line":64,"column":12},"end":{"line":64,"column":35}},"27":{"start":{"line":67,"column":8},"end":{"line":67,"column":25}},"28":{"start":{"line":69,"column":8},"end":{"line":69,"column":22}},"29":{"start":{"line":73,"column":22},"end":{"line":73,"column":31}},"30":{"start":{"line":77,"column":8},"end":{"line":102,"column":9}},"31":{"start":{"line":78,"column":12},"end":{"line":101,"column":13}},"32":{"start":{"line":80,"column":27},"end":{"line":80,"column":43}},"33":{"start":{"line":83,"column":16},"end":{"line":96,"column":17}},"34":{"start":{"line":85,"column":20},"end":{"line":85,"column":40}},"35":{"start":{"line":87,"column":20},"end":{"line":87,"column":37}},"36":{"start":{"line":89,"column":20},"end":{"line":89,"column":32}},"37":{"start":{"line":92,"column":20},"end":{"line":92,"column":37}},"38":{"start":{"line":94,"column":20},"end":{"line":94,"column":40}},"39":{"start":{"line":95,"column":20},"end":{"line":95,"column":32}},"40":{"start":{"line":99,"column":16},"end":{"line":99,"column":31}},"41":{"start":{"line":100,"column":16},"end":{"line":100,"column":39}},"42":{"start":{"line":104,"column":8},"end":{"line":104,"column":20}},"43":{"start":{"line":108,"column":22},"end":{"line":108,"column":31}},"44":{"start":{"line":109,"column":8},"end":{"line":125,"column":9}},"45":{"start":{"line":110,"column":12},"end":{"line":124,"column":13}},"46":{"start":{"line":112,"column":27},"end":{"line":112,"column":43}},"47":{"start":{"line":115,"column":16},"end":{"line":115,"column":41}},"48":{"start":{"line":118,"column":16},"end":{"line":118,"column":36}},"49":{"start":{"line":120,"column":16},"end":{"line":120,"column":28}},"50":{"start":{"line":123,"column":16},"end":{"line":123,"column":39}},"51":{"start":{"line":127,"column":8},"end":{"line":127,"column":20}},"52":{"start":{"line":132,"column":8},"end":{"line":132,"column":31}},"53":{"start":{"line":132,"column":19},"end":{"line":132,"column":31}},"54":{"start":{"line":134,"column":22},"end":{"line":134,"column":31}},"55":{"start":{"line":135,"column":24},"end":{"line":135,"column":26}},"56":{"start":{"line":138,"column":8},"end":{"line":143,"column":9}},"57":{"start":{"line":139,"column":12},"end":{"line":141,"column":13}},"58":{"start":{"line":140,"column":16},"end":{"line":140,"column":46}},"59":{"start":{"line":142,"column":12},"end":{"line":142,"column":35}},"60":{"start":{"line":145,"column":8},"end":{"line":145,"column":40}},"61":{"start":{"line":149,"column":8},"end":{"line":149,"column":72}},"62":{"start":{"line":149,"column":60},"end":{"line":149,"column":72}},"63":{"start":{"line":152,"column":8},"end":{"line":154,"column":9}},"64":{"start":{"line":153,"column":12},"end":{"line":153,"column":63}},"65":{"start":{"line":157,"column":8},"end":{"line":159,"column":9}},"66":{"start":{"line":158,"column":12},"end":{"line":158,"column":48}},"67":{"start":{"line":162,"column":8},"end":{"line":162,"column":28}},"68":{"start":{"line":167,"column":0},"end":{"line":167,"column":28}}},"fnMap":{"0":{"name":"(anonymous_0)","decl":{"start":{"line":6,"column":4},"end":{"line":6,"column":5}},"loc":{"start":{"line":6,"column":18},"end":{"line":8,"column":5}},"line":6},"1":{"name":"(anonymous_1)","decl":{"start":{"line":10,"column":4},"end":{"line":10,"column":5}},"loc":{"start":{"line":10,"column":18},"end":{"line":29,"column":5}},"line":10},"2":{"name":"(anonymous_2)","decl":{"start":{"line":32,"column":4},"end":{"line":32,"column":5}},"loc":{"start":{"line":32,"column":18},"end":{"line":37,"column":5}},"line":32},"3":{"name":"(anonymous_3)","decl":{"start":{"line":39,"column":4},"end":{"line":39,"column":5}},"loc":{"start":{"line":39,"column":20},"end":{"line":55,"column":5}},"line":39},"4":{"name":"(anonymous_4)","decl":{"start":{"line":57,"column":4},"end":{"line":57,"column":5}},"loc":{"start":{"line":57,"column":15},"end":{"line":70,"column":5}},"line":57},"5":{"name":"(anonymous_5)","decl":{"start":{"line":72,"column":4},"end":{"line":72,"column":5}},"loc":{"start":{"line":72,"column":32},"end":{"line":105,"column":5}},"line":72},"6":{"name":"(anonymous_6)","decl":{"start":{"line":107,"column":4},"end":{"line":107,"column":5}},"loc":{"start":{"line":107,"column":31},"end":{"line":128,"column":5}},"line":107},"7":{"name":"(anonymous_7)","decl":{"start":{"line":130,"column":4},"end":{"line":130,"column":5}},"loc":{"start":{"line":130,"column":18},"end":{"line":164,"column":5}},"line":130}},"branchMap":{"0":{"loc":{"start":{"line":14,"column":8},"end":{"line":26,"column":9}},"type":"if","locations":[{"start":{"line":14,"column":8},"end":{"line":26,"column":9}},{"start":{"line":14,"column":8},"end":{"line":26,"column":9}}],"line":14},"1":{"loc":{"start":{"line":41,"column":8},"end":{"line":43,"column":9}},"type":"if","locations":[{"start":{"line":41,"column":8},"end":{"line":43,"column":9}},{"start":{"line":41,"column":8},"end":{"line":43,"column":9}}],"line":41},"2":{"loc":{"start":{"line":46,"column":12},"end":{"line":50,"column":13}},"type":"if","locations":[{"start":{"line":46,"column":12},"end":{"line":50,"column":13}},{"start":{"line":46,"column":12},"end":{"line":50,"column":13}}],"line":46},"3":{"loc":{"start":{"line":78,"column":12},"end":{"line":101,"column":13}},"type":"if","locations":[{"start":{"line":78,"column":12},"end":{"line":101,"column":13}},{"start":{"line":78,"column":12},"end":{"line":101,"column":13}}],"line":78},"4":{"loc":{"start":{"line":83,"column":16},"end":{"line":96,"column":17}},"type":"if","locations":[{"start":{"line":83,"column":16},"end":{"line":96,"column":17}},{"start":{"line":83,"column":16},"end":{"line":96,"column":17}}],"line":83},"5":{"loc":{"start":{"line":110,"column":12},"end":{"line":124,"column":13}},"type":"if","locations":[{"start":{"line":110,"column":12},"end":{"line":124,"column":13}},{"start":{"line":110,"column":12},"end":{"line":124,"column":13}}],"line":110},"6":{"loc":{"start":{"line":132,"column":8},"end":{"line":132,"column":31}},"type":"if","locations":[{"start":{"line":132,"column":8},"end":{"line":132,"column":31}},{"start":{"line":132,"column":8},"end":{"line":132,"column":31}}],"line":132},"7":{"loc":{"start":{"line":139,"column":12},"end":{"line":141,"column":13}},"type":"if","locations":[{"start":{"line":139,"column":12},"end":{"line":141,"column":13}},{"start":{"line":139,"column":12},"end":{"line":141,"column":13}}],"line":139},"8":{"loc":{"start":{"line":149,"column":8},"end":{"line":149,"column":72}},"type":"if","locations":[{"start":{"line":149,"column":8},"end":{"line":149,"column":72}},{"start":{"line":149,"column":8},"end":{"line":149,"column":72}}],"line":149},"9":{"loc":{"start":{"line":149,"column":12},"end":{"line":149,"column":58}},"type":"binary-expr","locations":[{"start":{"line":149,"column":12},"end":{"line":149,"column":32}},{"start":{"line":149,"column":36},"end":{"line":149,"column":58}}],"line":149},"10":{"loc":{"start":{"line":152,"column":8},"end":{"line":154,"column":9}},"type":"if","locations":[{"start":{"line":152,"column":8},"end":{"line":154,"column":9}},{"start":{"line":152,"column":8},"end":{"line":154,"column":9}}],"line":152},"11":{"loc":{"start":{"line":152,"column":12},"end":{"line":152,"column":45}},"type":"binary-expr","locations":[{"start":{"line":152,"column":12},"end":{"line":152,"column":19}},{"start":{"line":152,"column":23},"end":{"line":152,"column":45}}],"line":152},"12":{"loc":{"start":{"line":157,"column":8},"end":{"line":159,"column":9}},"type":"if","locations":[{"start":{"line":157,"column":8},"end":{"line":159,"column":9}},{"start":{"line":157,"column":8},"end":{"line":159,"column":9}}],"line":157},"13":{"loc":{"start":{"line":157,"column":12},"end":{"line":157,"column":49}},"type":"binary-expr","locations":[{"start":{"line":157,"column":13},"end":{"line":157,"column":18}},{"start":{"line":157,"column":24},"end":{"line":157,"column":48}}],"line":157}},"s":{"0":1,"1":9,"2":16,"3":16,"4":5,"5":11,"6":11,"7":12,"8":11,"9":16,"10":0,"11":0,"12":0,"13":0,"14":0,"15":0,"16":0,"17":0,"18":0,"19":0,"20":0,"21":0,"22":3,"23":3,"24":3,"25":10,"26":10,"27":3,"28":3,"29":0,"30":0,"31":0,"32":0,"33":0,"34":0,"35":0,"36":0,"37":0,"38":0,"39":0,"40":0,"41":0,"42":0,"43":0,"44":0,"45":0,"46":0,"47":0,"48":0,"49":0,"50":0,"51":0,"52":0,"53":0,"54":0,"55":0,"56":0,"57":0,"58":0,"59":0,"60":0,"61":0,"62":0,"63":0,"64":0,"65":0,"66":0,"67":0,"68":1},"f":{"0":9,"1":16,"2":0,"3":0,"4":3,"5":0,"6":0,"7":0},"b":{"0":[5,11],"1":[0,0],"2":[0,0],"3":[0,0],"4":[0,0],"5":[0,0],"6":[0,0],"7":[0,0],"8":[0,0],"9":[0,0],"10":[0,0],"11":[0,0],"12":[0,0],"13":[0,0]},"_coverageSchema":"1a1c01bbd47fc00a2c39e90264f33305004495a9","hash":"0feb0a8d935f7e465b66c65edfd7b7eab3f7c76f"}
,"C:\\Users\\jhous\\school-work\\data-structures-and-algorithms\\javascript\\code-challenges\\llZip\\lib\\node.js": {"path":"C:\\Users\\jhous\\school-work\\data-structures-and-algorithms\\javascript\\code-challenges\\llZip\\lib\\node.js","statementMap":{"0":{"start":{"line":5,"column":8},"end":{"line":5,"column":27}},"1":{"start":{"line":6,"column":8},"end":{"line":6,"column":25}},"2":{"start":{"line":10,"column":0},"end":{"line":10,"column":22}}},"fnMap":{"0":{"name":"(anonymous_0)","decl":{"start":{"line":4,"column":4},"end":{"line":4,"column":5}},"loc":{"start":{"line":4,"column":23},"end":{"line":7,"column":5}},"line":4}},"branchMap":{},"s":{"0":16,"1":16,"2":1},"f":{"0":16},"b":{},"_coverageSchema":"1a1c01bbd47fc00a2c39e90264f33305004495a9","hash":"efab556e3e026563f008209950c253efd23d528e"}
,"C:\\Users\\jhous\\school-work\\data-structures-and-algorithms\\javascript\\code-challenges\\multiBracketValidation\\multi-bracket-validation.js": {"path":"C:\\Users\\jhous\\school-work\\data-structures-and-algorithms\\javascript\\code-challenges\\multiBracketValidation\\multi-bracket-validation.js","statementMap":{"0":{"start":{"line":3,"column":14},"end":{"line":3,"column":36}},"1":{"start":{"line":5,"column":0},"end":{"line":44,"column":1}},"2":{"start":{"line":6,"column":4},"end":{"line":6,"column":49}},"3":{"start":{"line":6,"column":36},"end":{"line":6,"column":49}},"4":{"start":{"line":8,"column":15},"end":{"line":8,"column":30}},"5":{"start":{"line":9,"column":17},"end":{"line":9,"column":32}},"6":{"start":{"line":12,"column":4},"end":{"line":12,"column":49}},"7":{"start":{"line":12,"column":36},"end":{"line":12,"column":49}},"8":{"start":{"line":14,"column":18},"end":{"line":14,"column":29}},"9":{"start":{"line":16,"column":4},"end":{"line":36,"column":5}},"10":{"start":{"line":16,"column":17},"end":{"line":16,"column":18}},"11":{"start":{"line":17,"column":21},"end":{"line":17,"column":30}},"12":{"start":{"line":20,"column":8},"end":{"line":35,"column":9}},"13":{"start":{"line":21,"column":12},"end":{"line":21,"column":31}},"14":{"start":{"line":22,"column":15},"end":{"line":35,"column":9}},"15":{"start":{"line":23,"column":12},"end":{"line":23,"column":46}},"16":{"start":{"line":23,"column":33},"end":{"line":23,"column":46}},"17":{"start":{"line":26,"column":12},"end":{"line":31,"column":13}},"18":{"start":{"line":27,"column":16},"end":{"line":27,"column":28}},"19":{"start":{"line":30,"column":16},"end":{"line":30,"column":29}},"20":{"start":{"line":34,"column":12},"end":{"line":34,"column":21}},"21":{"start":{"line":39,"column":4},"end":{"line":43,"column":5}},"22":{"start":{"line":40,"column":8},"end":{"line":40,"column":20}},"23":{"start":{"line":42,"column":8},"end":{"line":42,"column":21}}},"fnMap":{"0":{"name":"multiBracketValidation","decl":{"start":{"line":5,"column":26},"end":{"line":5,"column":48}},"loc":{"start":{"line":5,"column":57},"end":{"line":44,"column":1}},"line":5}},"branchMap":{"0":{"loc":{"start":{"line":6,"column":4},"end":{"line":6,"column":49}},"type":"if","locations":[{"start":{"line":6,"column":4},"end":{"line":6,"column":49}},{"start":{"line":6,"column":4},"end":{"line":6,"column":49}}],"line":6},"1":{"loc":{"start":{"line":12,"column":4},"end":{"line":12,"column":49}},"type":"if","locations":[{"start":{"line":12,"column":4},"end":{"line":12,"column":49}},{"start":{"line":12,"column":4},"end":{"line":12,"column":49}}],"line":12},"2":{"loc":{"start":{"line":20,"column":8},"end":{"line":35,"column":9}},"type":"if","locations":[{"start":{"line":20,"column":8},"end":{"line":35,"column":9}},{"start":{"line":20,"column":8},"end":{"line":35,"column":9}}],"line":20},"3":{"loc":{"start":{"line":22,"column":15},"end":{"line":35,"column":9}},"type":"if","locations":[{"start":{"line":22,"column":15},"end":{"line":35,"column":9}},{"start":{"line":22,"column":15},"end":{"line":35,"column":9}}],"line":22},"4":{"loc":{"start":{"line":23,"column":12},"end":{"line":23,"column":46}},"type":"if","locations":[{"start":{"line":23,"column":12},"end":{"line":23,"column":46}},{"start":{"line":23,"column":12},"end":{"line":23,"column":46}}],"line":23},"5":{"loc":{"start":{"line":26,"column":12},"end":{"line":31,"column":13}},"type":"if","locations":[{"start":{"line":26,"column":12},"end":{"line":31,"column":13}},{"start":{"line":26,"column":12},"end":{"line":31,"column":13}}],"line":26},"6":{"loc":{"start":{"line":26,"column":16},"end":{"line":26,"column":144}},"type":"binary-expr","locations":[{"start":{"line":26,"column":17},"end":{"line":26,"column":37}},{"start":{"line":26,"column":41},"end":{"line":26,"column":55}},{"start":{"line":26,"column":61},"end":{"line":26,"column":81}},{"start":{"line":26,"column":85},"end":{"line":26,"column":99}},{"start":{"line":26,"column":105},"end":{"line":26,"column":125}},{"start":{"line":26,"column":129},"end":{"line":26,"column":143}}],"line":26},"7":{"loc":{"start":{"line":39,"column":4},"end":{"line":43,"column":5}},"type":"if","locations":[{"start":{"line":39,"column":4},"end":{"line":43,"column":5}},{"start":{"line":39,"column":4},"end":{"line":43,"column":5}}],"line":39}},"s":{"0":1,"1":1,"2":8,"3":0,"4":8,"5":8,"6":8,"7":0,"8":8,"9":8,"10":8,"11":69,"12":69,"13":22,"14":47,"15":20,"16":0,"17":20,"18":17,"19":3,"20":27,"21":5,"22":5,"23":0},"f":{"0":8},"b":{"0":[0,8],"1":[0,8],"2":[22,47],"3":[20,27],"4":[0,20],"5":[17,3],"6":[20,5,15,7,8,8],"7":[5,0]},"_coverageSchema":"1a1c01bbd47fc00a2c39e90264f33305004495a9","hash":"98becc3ba99b608322d1dee717fe0b7188d566cb"}
,"C:\\Users\\jhous\\school-work\\data-structures-and-algorithms\\javascript\\code-challenges\\multiBracketValidation\\stacks.js": {"path":"C:\\Users\\jhous\\school-work\\data-structures-and-algorithms\\javascript\\code-challenges\\multiBracketValidation\\stacks.js","statementMap":{"0":{"start":{"line":5,"column":8},"end":{"line":5,"column":24}},"1":{"start":{"line":9,"column":8},"end":{"line":9,"column":32}},"2":{"start":{"line":9,"column":20},"end":{"line":9,"column":32}},"3":{"start":{"line":11,"column":8},"end":{"line":11,"column":36}},"4":{"start":{"line":13,"column":8},"end":{"line":13,"column":20}},"5":{"start":{"line":17,"column":8},"end":{"line":19,"column":9}},"6":{"start":{"line":18,"column":12},"end":{"line":18,"column":24}},"7":{"start":{"line":21,"column":20},"end":{"line":21,"column":39}},"8":{"start":{"line":22,"column":8},"end":{"line":22,"column":33}},"9":{"start":{"line":23,"column":8},"end":{"line":23,"column":21}},"10":{"start":{"line":27,"column":8},"end":{"line":29,"column":9}},"11":{"start":{"line":28,"column":12},"end":{"line":28,"column":24}},"12":{"start":{"line":31,"column":20},"end":{"line":31,"column":41}},"13":{"start":{"line":32,"column":8},"end":{"line":32,"column":21}},"14":{"start":{"line":36,"column":8},"end":{"line":36,"column":28}},"15":{"start":{"line":40,"column":0},"end":{"line":40,"column":23}}},"fnMap":{"0":{"name":"(anonymous_0)","decl":{"start":{"line":4,"column":4},"end":{"line":4,"column":5}},"loc":{"start":{"line":4,"column":18},"end":{"line":6,"column":5}},"line":4},"1":{"name":"(anonymous_1)","decl":{"start":{"line":8,"column":4},"end":{"line":8,"column":5}},"loc":{"start":{"line":8,"column":16},"end":{"line":14,"column":5}},"line":8},"2":{"name":"(anonymous_2)","decl":{"start":{"line":16,"column":4},"end":{"line":16,"column":5}},"loc":{"start":{"line":16,"column":10},"end":{"line":24,"column":5}},"line":16},"3":{"name":"(anonymous_3)","decl":{"start":{"line":26,"column":4},"end":{"line":26,"column":5}},"loc":{"start":{"line":26,"column":11},"end":{"line":33,"column":5}},"line":26},"4":{"name":"(anonymous_4)","decl":{"start":{"line":35,"column":4},"end":{"line":35,"column":5}},"loc":{"start":{"line":35,"column":14},"end":{"line":37,"column":5}},"line":35}},"branchMap":{"0":{"loc":{"start":{"line":9,"column":8},"end":{"line":9,"column":32}},"type":"if","locations":[{"start":{"line":9,"column":8},"end":{"line":9,"column":32}},{"start":{"line":9,"column":8},"end":{"line":9,"column":32}}],"line":9},"1":{"loc":{"start":{"line":17,"column":8},"end":{"line":19,"column":9}},"type":"if","locations":[{"start":{"line":17,"column":8},"end":{"line":19,"column":9}},{"start":{"line":17,"column":8},"end":{"line":19,"column":9}}],"line":17},"2":{"loc":{"start":{"line":27,"column":8},"end":{"line":29,"column":9}},"type":"if","locations":[{"start":{"line":27,"column":8},"end":{"line":29,"column":9}},{"start":{"line":27,"column":8},"end":{"line":29,"column":9}}],"line":27}},"s":{"0":8,"1":22,"2":0,"3":22,"4":22,"5":17,"6":0,"7":17,"8":17,"9":17,"10":43,"11":0,"12":43,"13":43,"14":85,"15":1},"f":{"0":8,"1":22,"2":17,"3":43,"4":85},"b":{"0":[0,22],"1":[0,17],"2":[0,43]},"_coverageSchema":"1a1c01bbd47fc00a2c39e90264f33305004495a9","hash":"81c14c93e9a6a36a7f74428e7e3ff26507c0a3b9"}
,"C:\\Users\\jhous\\school-work\\data-structures-and-algorithms\\javascript\\code-challenges\\queueWithStacks\\queue-with-stacks.js": {"path":"C:\\Users\\jhous\\school-work\\data-structures-and-algorithms\\javascript\\code-challenges\\queueWithStacks\\queue-with-stacks.js","statementMap":{"0":{"start":{"line":3,"column":14},"end":{"line":3,"column":36}},"1":{"start":{"line":7,"column":8},"end":{"line":7,"column":34}},"2":{"start":{"line":8,"column":8},"end":{"line":8,"column":34}},"3":{"start":{"line":12,"column":8},"end":{"line":24,"column":9}},"4":{"start":{"line":13,"column":12},"end":{"line":13,"column":36}},"5":{"start":{"line":14,"column":12},"end":{"line":14,"column":38}},"6":{"start":{"line":16,"column":12},"end":{"line":18,"column":13}},"7":{"start":{"line":17,"column":16},"end":{"line":17,"column":52}},"8":{"start":{"line":19,"column":12},"end":{"line":19,"column":36}},"9":{"start":{"line":21,"column":12},"end":{"line":23,"column":13}},"10":{"start":{"line":22,"column":16},"end":{"line":22,"column":52}},"11":{"start":{"line":26,"column":8},"end":{"line":26,"column":34}},"12":{"start":{"line":30,"column":8},"end":{"line":30,"column":60}},"13":{"start":{"line":30,"column":38},"end":{"line":30,"column":60}},"14":{"start":{"line":31,"column":8},"end":{"line":31,"column":33}},"15":{"start":{"line":35,"column":0},"end":{"line":35,"column":29}}},"fnMap":{"0":{"name":"(anonymous_0)","decl":{"start":{"line":6,"column":4},"end":{"line":6,"column":5}},"loc":{"start":{"line":6,"column":18},"end":{"line":9,"column":5}},"line":6},"1":{"name":"(anonymous_1)","decl":{"start":{"line":11,"column":4},"end":{"line":11,"column":5}},"loc":{"start":{"line":11,"column":19},"end":{"line":27,"column":5}},"line":11},"2":{"name":"(anonymous_2)","decl":{"start":{"line":29,"column":4},"end":{"line":29,"column":5}},"loc":{"start":{"line":29,"column":14},"end":{"line":32,"column":5}},"line":29}},"branchMap":{"0":{"loc":{"start":{"line":12,"column":8},"end":{"line":24,"column":9}},"type":"if","locations":[{"start":{"line":12,"column":8},"end":{"line":24,"column":9}},{"start":{"line":12,"column":8},"end":{"line":24,"column":9}}],"line":12},"1":{"loc":{"start":{"line":30,"column":8},"end":{"line":30,"column":60}},"type":"if","locations":[{"start":{"line":30,"column":8},"end":{"line":30,"column":60}},{"start":{"line":30,"column":8},"end":{"line":30,"column":60}}],"line":30}},"s":{"0":1,"1":2,"2":2,"3":6,"4":2,"5":2,"6":4,"7":6,"8":4,"9":4,"10":6,"11":4,"12":3,"13":0,"14":3,"15":1},"f":{"0":2,"1":6,"2":3},"b":{"0":[2,4],"1":[0,3]},"_coverageSchema":"1a1c01bbd47fc00a2c39e90264f33305004495a9","hash":"e42a1cbbc11fc885defe08e11a10e6304b77863b"}
,"C:\\Users\\jhous\\school-work\\data-structures-and-algorithms\\javascript\\code-challenges\\queueWithStacks\\stacks.js": {"path":"C:\\Users\\jhous\\school-work\\data-structures-and-algorithms\\javascript\\code-challenges\\queueWithStacks\\stacks.js","statementMap":{"0":{"start":{"line":5,"column":8},"end":{"line":5,"column":24}},"1":{"start":{"line":9,"column":8},"end":{"line":9,"column":36}},"2":{"start":{"line":10,"column":8},"end":{"line":10,"column":20}},"3":{"start":{"line":14,"column":8},"end":{"line":14,"column":52}},"4":{"start":{"line":14,"column":31},"end":{"line":14,"column":52}},"5":{"start":{"line":16,"column":20},"end":{"line":16,"column":39}},"6":{"start":{"line":17,"column":8},"end":{"line":17,"column":33}},"7":{"start":{"line":19,"column":8},"end":{"line":19,"column":21}},"8":{"start":{"line":23,"column":8},"end":{"line":23,"column":52}},"9":{"start":{"line":23,"column":31},"end":{"line":23,"column":52}},"10":{"start":{"line":24,"column":8},"end":{"line":24,"column":37}},"11":{"start":{"line":28,"column":8},"end":{"line":28,"column":43}},"12":{"start":{"line":28,"column":31},"end":{"line":28,"column":43}},"13":{"start":{"line":29,"column":8},"end":{"line":29,"column":21}},"14":{"start":{"line":33,"column":0},"end":{"line":33,"column":23}}},"fnMap":{"0":{"name":"(anonymous_0)","decl":{"start":{"line":4,"column":4},"end":{"line":4,"column":5}},"loc":{"start":{"line":4,"column":18},"end":{"line":6,"column":5}},"line":4},"1":{"name":"(anonymous_1)","decl":{"start":{"line":8,"column":4},"end":{"line":8,"column":5}},"loc":{"start":{"line":8,"column":16},"end":{"line":11,"column":5}},"line":8},"2":{"name":"(anonymous_2)","decl":{"start":{"line":13,"column":4},"end":{"line":13,"column":5}},"loc":{"start":{"line":13,"column":10},"end":{"line":20,"column":5}},"line":13},"3":{"name":"(anonymous_3)","decl":{"start":{"line":22,"column":4},"end":{"line":22,"column":5}},"loc":{"start":{"line":22,"column":11},"end":{"line":25,"column":5}},"line":22},"4":{"name":"(anonymous_4)","decl":{"start":{"line":27,"column":4},"end":{"line":27,"column":5}},"loc":{"start":{"line":27,"column":14},"end":{"line":30,"column":5}},"line":27}},"branchMap":{"0":{"loc":{"start":{"line":14,"column":8},"end":{"line":14,"column":52}},"type":"if","locations":[{"start":{"line":14,"column":8},"end":{"line":14,"column":52}},{"start":{"line":14,"column":8},"end":{"line":14,"column":52}}],"line":14},"1":{"loc":{"start":{"line":23,"column":8},"end":{"line":23,"column":52}},"type":"if","locations":[{"start":{"line":23,"column":8},"end":{"line":23,"column":52}},{"start":{"line":23,"column":8},"end":{"line":23,"column":52}}],"line":23},"2":{"loc":{"start":{"line":28,"column":8},"end":{"line":28,"column":43}},"type":"if","locations":[{"start":{"line":28,"column":8},"end":{"line":28,"column":43}},{"start":{"line":28,"column":8},"end":{"line":28,"column":43}}],"line":28}},"s":{"0":4,"1":18,"2":18,"3":15,"4":0,"5":15,"6":15,"7":15,"8":6,"9":0,"10":6,"11":0,"12":0,"13":0,"14":1},"f":{"0":4,"1":18,"2":15,"3":6,"4":0},"b":{"0":[0,15],"1":[0,6],"2":[0,0]},"_coverageSchema":"1a1c01bbd47fc00a2c39e90264f33305004495a9","hash":"cf5361a9dbcc32a33bcd7dffa1dea742b3dc1997"}
,"C:\\Users\\jhous\\school-work\\data-structures-and-algorithms\\javascript\\code-challenges\\reverse-ll\\reverse-ll.js": {"path":"C:\\Users\\jhous\\school-work\\data-structures-and-algorithms\\javascript\\code-challenges\\reverse-ll\\reverse-ll.js","statementMap":{"0":{"start":{"line":4,"column":19},"end":{"line":4,"column":47}},"1":{"start":{"line":12,"column":0},"end":{"line":16,"column":1}},"2":{"start":{"line":14,"column":2},"end":{"line":14,"column":14}}},"fnMap":{"0":{"name":"reverse","decl":{"start":{"line":12,"column":26},"end":{"line":12,"column":33}},"loc":{"start":{"line":12,"column":40},"end":{"line":16,"column":1}},"line":12}},"branchMap":{},"s":{"0":1,"1":1,"2":1},"f":{"0":1},"b":{},"_coverageSchema":"1a1c01bbd47fc00a2c39e90264f33305004495a9","hash":"8a9243f6c1c28e2408dd96d06af150ecf829d785"}
,"C:\\Users\\jhous\\school-work\\data-structures-and-algorithms\\javascript\\code-challenges\\stacksAndQueues\\nodes.js": {"path":"C:\\Users\\jhous\\school-work\\data-structures-and-algorithms\\javascript\\code-challenges\\stacksAndQueues\\nodes.js","statementMap":{"0":{"start":{"line":5,"column":8},"end":{"line":5,"column":27}},"1":{"start":{"line":9,"column":0},"end":{"line":9,"column":22}}},"fnMap":{"0":{"name":"(anonymous_0)","decl":{"start":{"line":4,"column":4},"end":{"line":4,"column":5}},"loc":{"start":{"line":4,"column":23},"end":{"line":6,"column":5}},"line":4}},"branchMap":{},"s":{"0":25,"1":2},"f":{"0":25},"b":{},"_coverageSchema":"1a1c01bbd47fc00a2c39e90264f33305004495a9","hash":"0874c41729b3ec86e3f09c4fc9a1c37da3302dda"}
,"C:\\Users\\jhous\\school-work\\data-structures-and-algorithms\\javascript\\code-challenges\\stacksAndQueues\\queues.js": {"path":"C:\\Users\\jhous\\school-work\\data-structures-and-algorithms\\javascript\\code-challenges\\stacksAndQueues\\queues.js","statementMap":{"0":{"start":{"line":3,"column":13},"end":{"line":3,"column":34}},"1":{"start":{"line":7,"column":8},"end":{"line":7,"column":24}},"2":{"start":{"line":8,"column":8},"end":{"line":8,"column":25}},"3":{"start":{"line":12,"column":19},"end":{"line":12,"column":34}},"4":{"start":{"line":14,"column":8},"end":{"line":16,"column":9}},"5":{"start":{"line":15,"column":12},"end":{"line":15,"column":36}},"6":{"start":{"line":19,"column":8},"end":{"line":19,"column":35}},"7":{"start":{"line":20,"column":8},"end":{"line":20,"column":20}},"8":{"start":{"line":24,"column":8},"end":{"line":24,"column":52}},"9":{"start":{"line":24,"column":31},"end":{"line":24,"column":52}},"10":{"start":{"line":26,"column":19},"end":{"line":26,"column":34}},"11":{"start":{"line":28,"column":8},"end":{"line":28,"column":33}},"12":{"start":{"line":29,"column":8},"end":{"line":29,"column":22}},"13":{"start":{"line":31,"column":8},"end":{"line":31,"column":20}},"14":{"start":{"line":36,"column":8},"end":{"line":36,"column":52}},"15":{"start":{"line":36,"column":31},"end":{"line":36,"column":52}},"16":{"start":{"line":38,"column":8},"end":{"line":38,"column":31}},"17":{"start":{"line":42,"column":8},"end":{"line":42,"column":43}},"18":{"start":{"line":42,"column":31},"end":{"line":42,"column":43}},"19":{"start":{"line":43,"column":8},"end":{"line":43,"column":21}},"20":{"start":{"line":49,"column":0},"end":{"line":49,"column":23}}},"fnMap":{"0":{"name":"(anonymous_0)","decl":{"start":{"line":6,"column":4},"end":{"line":6,"column":5}},"loc":{"start":{"line":6,"column":18},"end":{"line":9,"column":5}},"line":6},"1":{"name":"(anonymous_1)","decl":{"start":{"line":11,"column":4},"end":{"line":11,"column":5}},"loc":{"start":{"line":11,"column":19},"end":{"line":21,"column":5}},"line":11},"2":{"name":"(anonymous_2)","decl":{"start":{"line":23,"column":4},"end":{"line":23,"column":5}},"loc":{"start":{"line":23,"column":14},"end":{"line":33,"column":5}},"line":23},"3":{"name":"(anonymous_3)","decl":{"start":{"line":35,"column":4},"end":{"line":35,"column":5}},"loc":{"start":{"line":35,"column":11},"end":{"line":39,"column":5}},"line":35},"4":{"name":"(anonymous_4)","decl":{"start":{"line":41,"column":4},"end":{"line":41,"column":5}},"loc":{"start":{"line":41,"column":14},"end":{"line":44,"column":5}},"line":41}},"branchMap":{"0":{"loc":{"start":{"line":14,"column":8},"end":{"line":16,"column":9}},"type":"if","locations":[{"start":{"line":14,"column":8},"end":{"line":16,"column":9}},{"start":{"line":14,"column":8},"end":{"line":16,"column":9}}],"line":14},"1":{"loc":{"start":{"line":24,"column":8},"end":{"line":24,"column":52}},"type":"if","locations":[{"start":{"line":24,"column":8},"end":{"line":24,"column":52}},{"start":{"line":24,"column":8},"end":{"line":24,"column":52}}],"line":24},"2":{"loc":{"start":{"line":36,"column":8},"end":{"line":36,"column":52}},"type":"if","locations":[{"start":{"line":36,"column":8},"end":{"line":36,"column":52}},{"start":{"line":36,"column":8},"end":{"line":36,"column":52}}],"line":36},"3":{"loc":{"start":{"line":42,"column":8},"end":{"line":42,"column":43}},"type":"if","locations":[{"start":{"line":42,"column":8},"end":{"line":42,"column":43}},{"start":{"line":42,"column":8},"end":{"line":42,"column":43}}],"line":42}},"s":{"0":1,"1":7,"2":7,"3":13,"4":13,"5":5,"6":13,"7":13,"8":4,"9":0,"10":4,"11":4,"12":4,"13":4,"14":3,"15":1,"16":2,"17":2,"18":2,"19":0,"20":1},"f":{"0":7,"1":13,"2":4,"3":3,"4":2},"b":{"0":[5,8],"1":[0,4],"2":[1,2],"3":[2,0]},"_coverageSchema":"1a1c01bbd47fc00a2c39e90264f33305004495a9","hash":"c9e9124dea0c32b21649446cc6f5a620963aec60"}
,"C:\\Users\\jhous\\school-work\\data-structures-and-algorithms\\javascript\\code-challenges\\stacksAndQueues\\stacks.js": {"path":"C:\\Users\\jhous\\school-work\\data-structures-and-algorithms\\javascript\\code-challenges\\stacksAndQueues\\stacks.js","statementMap":{"0":{"start":{"line":3,"column":13},"end":{"line":3,"column":34}},"1":{"start":{"line":7,"column":8},"end":{"line":7,"column":24}},"2":{"start":{"line":11,"column":19},"end":{"line":11,"column":34}},"3":{"start":{"line":12,"column":8},"end":{"line":12,"column":35}},"4":{"start":{"line":13,"column":8},"end":{"line":13,"column":20}},"5":{"start":{"line":17,"column":8},"end":{"line":17,"column":52}},"6":{"start":{"line":17,"column":31},"end":{"line":17,"column":52}},"7":{"start":{"line":19,"column":19},"end":{"line":19,"column":38}},"8":{"start":{"line":20,"column":8},"end":{"line":20,"column":33}},"9":{"start":{"line":22,"column":8},"end":{"line":22,"column":20}},"10":{"start":{"line":26,"column":8},"end":{"line":26,"column":52}},"11":{"start":{"line":26,"column":31},"end":{"line":26,"column":52}},"12":{"start":{"line":27,"column":8},"end":{"line":27,"column":37}},"13":{"start":{"line":31,"column":8},"end":{"line":31,"column":43}},"14":{"start":{"line":31,"column":31},"end":{"line":31,"column":43}},"15":{"start":{"line":32,"column":8},"end":{"line":32,"column":21}},"16":{"start":{"line":36,"column":0},"end":{"line":36,"column":23}}},"fnMap":{"0":{"name":"(anonymous_0)","decl":{"start":{"line":6,"column":4},"end":{"line":6,"column":5}},"loc":{"start":{"line":6,"column":18},"end":{"line":8,"column":5}},"line":6},"1":{"name":"(anonymous_1)","decl":{"start":{"line":10,"column":4},"end":{"line":10,"column":5}},"loc":{"start":{"line":10,"column":16},"end":{"line":14,"column":5}},"line":10},"2":{"name":"(anonymous_2)","decl":{"start":{"line":16,"column":4},"end":{"line":16,"column":5}},"loc":{"start":{"line":16,"column":10},"end":{"line":23,"column":5}},"line":16},"3":{"name":"(anonymous_3)","decl":{"start":{"line":25,"column":4},"end":{"line":25,"column":5}},"loc":{"start":{"line":25,"column":11},"end":{"line":28,"column":5}},"line":25},"4":{"name":"(anonymous_4)","decl":{"start":{"line":30,"column":4},"end":{"line":30,"column":5}},"loc":{"start":{"line":30,"column":14},"end":{"line":33,"column":5}},"line":30}},"branchMap":{"0":{"loc":{"start":{"line":17,"column":8},"end":{"line":17,"column":52}},"type":"if","locations":[{"start":{"line":17,"column":8},"end":{"line":17,"column":52}},{"start":{"line":17,"column":8},"end":{"line":17,"column":52}}],"line":17},"1":{"loc":{"start":{"line":26,"column":8},"end":{"line":26,"column":52}},"type":"if","locations":[{"start":{"line":26,"column":8},"end":{"line":26,"column":52}},{"start":{"line":26,"column":8},"end":{"line":26,"column":52}}],"line":26},"2":{"loc":{"start":{"line":31,"column":8},"end":{"line":31,"column":43}},"type":"if","locations":[{"start":{"line":31,"column":8},"end":{"line":31,"column":43}},{"start":{"line":31,"column":8},"end":{"line":31,"column":43}}],"line":31}},"s":{"0":1,"1":7,"2":12,"3":12,"4":12,"5":6,"6":1,"7":5,"8":5,"9":5,"10":1,"11":0,"12":1,"13":2,"14":2,"15":0,"16":1},"f":{"0":7,"1":12,"2":6,"3":1,"4":2},"b":{"0":[1,5],"1":[0,1],"2":[2,0]},"_coverageSchema":"1a1c01bbd47fc00a2c39e90264f33305004495a9","hash":"82c43f0f5f32aba6327e43b5fa272fb3654ddb99"}
,"C:\\Users\\jhous\\school-work\\data-structures-and-algorithms\\javascript\\code-challenges\\tree\\binary-search-tree.js": {"path":"C:\\Users\\jhous\\school-work\\data-structures-and-algorithms\\javascript\\code-challenges\\tree\\binary-search-tree.js","statementMap":{"0":{"start":{"line":3,"column":13},"end":{"line":3,"column":33}},"1":{"start":{"line":5,"column":0},"end":{"line":64,"column":1}},"2":{"start":{"line":7,"column":8},"end":{"line":7,"column":25}},"3":{"start":{"line":11,"column":22},"end":{"line":11,"column":37}},"4":{"start":{"line":13,"column":8},"end":{"line":16,"column":9}},"5":{"start":{"line":14,"column":12},"end":{"line":14,"column":32}},"6":{"start":{"line":15,"column":12},"end":{"line":15,"column":24}},"7":{"start":{"line":18,"column":20},"end":{"line":27,"column":9}},"8":{"start":{"line":19,"column":12},"end":{"line":22,"column":13}},"9":{"start":{"line":20,"column":16},"end":{"line":20,"column":69}},"10":{"start":{"line":20,"column":41},"end":{"line":20,"column":69}},"11":{"start":{"line":21,"column":16},"end":{"line":21,"column":34}},"12":{"start":{"line":23,"column":12},"end":{"line":26,"column":13}},"13":{"start":{"line":24,"column":16},"end":{"line":24,"column":67}},"14":{"start":{"line":24,"column":40},"end":{"line":24,"column":67}},"15":{"start":{"line":25,"column":16},"end":{"line":25,"column":33}},"16":{"start":{"line":29,"column":8},"end":{"line":29,"column":25}},"17":{"start":{"line":31,"column":8},"end":{"line":31,"column":20}},"18":{"start":{"line":35,"column":8},"end":{"line":35,"column":45}},"19":{"start":{"line":35,"column":32},"end":{"line":35,"column":45}},"20":{"start":{"line":37,"column":19},"end":{"line":37,"column":24}},"21":{"start":{"line":39,"column":20},"end":{"line":44,"column":9}},"22":{"start":{"line":40,"column":12},"end":{"line":40,"column":57}},"23":{"start":{"line":40,"column":38},"end":{"line":40,"column":57}},"24":{"start":{"line":41,"column":12},"end":{"line":41,"column":44}},"25":{"start":{"line":41,"column":27},"end":{"line":41,"column":44}},"26":{"start":{"line":42,"column":12},"end":{"line":42,"column":46}},"27":{"start":{"line":42,"column":28},"end":{"line":42,"column":46}},"28":{"start":{"line":45,"column":8},"end":{"line":45,"column":25}},"29":{"start":{"line":46,"column":8},"end":{"line":46,"column":20}},"30":{"start":{"line":51,"column":22},"end":{"line":51,"column":24}},"31":{"start":{"line":53,"column":20},"end":{"line":57,"column":9}},"32":{"start":{"line":54,"column":12},"end":{"line":54,"column":37}},"33":{"start":{"line":55,"column":12},"end":{"line":55,"column":44}},"34":{"start":{"line":55,"column":27},"end":{"line":55,"column":44}},"35":{"start":{"line":56,"column":12},"end":{"line":56,"column":46}},"36":{"start":{"line":56,"column":28},"end":{"line":56,"column":46}},"37":{"start":{"line":59,"column":8},"end":{"line":59,"column":25}},"38":{"start":{"line":61,"column":8},"end":{"line":61,"column":23}}},"fnMap":{"0":{"name":"(anonymous_0)","decl":{"start":{"line":6,"column":4},"end":{"line":6,"column":5}},"loc":{"start":{"line":6,"column":29},"end":{"line":8,"column":5}},"line":6},"1":{"name":"(anonymous_1)","decl":{"start":{"line":10,"column":4},"end":{"line":10,"column":5}},"loc":{"start":{"line":10,"column":15},"end":{"line":32,"column":5}},"line":10},"2":{"name":"(anonymous_2)","decl":{"start":{"line":18,"column":20},"end":{"line":18,"column":21}},"loc":{"start":{"line":18,"column":30},"end":{"line":27,"column":9}},"line":18},"3":{"name":"(anonymous_3)","decl":{"start":{"line":34,"column":4},"end":{"line":34,"column":5}},"loc":{"start":{"line":34,"column":20},"end":{"line":47,"column":5}},"line":34},"4":{"name":"(anonymous_4)","decl":{"start":{"line":39,"column":20},"end":{"line":39,"column":21}},"loc":{"start":{"line":39,"column":30},"end":{"line":44,"column":9}},"line":39},"5":{"name":"(anonymous_5)","decl":{"start":{"line":49,"column":4},"end":{"line":49,"column":5}},"loc":{"start":{"line":49,"column":15},"end":{"line":62,"column":5}},"line":49},"6":{"name":"(anonymous_6)","decl":{"start":{"line":53,"column":20},"end":{"line":53,"column":21}},"loc":{"start":{"line":53,"column":28},"end":{"line":57,"column":9}},"line":53}},"branchMap":{"0":{"loc":{"start":{"line":6,"column":16},"end":{"line":6,"column":27}},"type":"default-arg","locations":[{"start":{"line":6,"column":23},"end":{"line":6,"column":27}}],"line":6},"1":{"loc":{"start":{"line":13,"column":8},"end":{"line":16,"column":9}},"type":"if","locations":[{"start":{"line":13,"column":8},"end":{"line":16,"column":9}},{"start":{"line":13,"column":8},"end":{"line":16,"column":9}}],"line":13},"2":{"loc":{"start":{"line":19,"column":12},"end":{"line":22,"column":13}},"type":"if","locations":[{"start":{"line":19,"column":12},"end":{"line":22,"column":13}},{"start":{"line":19,"column":12},"end":{"line":22,"column":13}}],"line":19},"3":{"loc":{"start":{"line":20,"column":16},"end":{"line":20,"column":69}},"type":"if","locations":[{"start":{"line":20,"column":16},"end":{"line":20,"column":69}},{"start":{"line":20,"column":16},"end":{"line":20,"column":69}}],"line":20},"4":{"loc":{"start":{"line":23,"column":12},"end":{"line":26,"column":13}},"type":"if","locations":[{"start":{"line":23,"column":12},"end":{"line":26,"column":13}},{"start":{"line":23,"column":12},"end":{"line":26,"column":13}}],"line":23},"5":{"loc":{"start":{"line":24,"column":16},"end":{"line":24,"column":67}},"type":"if","locations":[{"start":{"line":24,"column":16},"end":{"line":24,"column":67}},{"start":{"line":24,"column":16},"end":{"line":24,"column":67}}],"line":24},"6":{"loc":{"start":{"line":35,"column":8},"end":{"line":35,"column":45}},"type":"if","locations":[{"start":{"line":35,"column":8},"end":{"line":35,"column":45}},{"start":{"line":35,"column":8},"end":{"line":35,"column":45}}],"line":35},"7":{"loc":{"start":{"line":40,"column":12},"end":{"line":40,"column":57}},"type":"if","locations":[{"start":{"line":40,"column":12},"end":{"line":40,"column":57}},{"start":{"line":40,"column":12},"end":{"line":40,"column":57}}],"line":40},"8":{"loc":{"start":{"line":41,"column":12},"end":{"line":41,"column":44}},"type":"if","locations":[{"start":{"line":41,"column":12},"end":{"line":41,"column":44}},{"start":{"line":41,"column":12},"end":{"line":41,"column":44}}],"line":41},"9":{"loc":{"start":{"line":42,"column":12},"end":{"line":42,"column":46}},"type":"if","locations":[{"start":{"line":42,"column":12},"end":{"line":42,"column":46}},{"start":{"line":42,"column":12},"end":{"line":42,"column":46}}],"line":42},"10":{"loc":{"start":{"line":55,"column":12},"end":{"line":55,"column":44}},"type":"if","locations":[{"start":{"line":55,"column":12},"end":{"line":55,"column":44}},{"start":{"line":55,"column":12},"end":{"line":55,"column":44}}],"line":55},"11":{"loc":{"start":{"line":56,"column":12},"end":{"line":56,"column":46}},"type":"if","locations":[{"start":{"line":56,"column":12},"end":{"line":56,"column":46}},{"start":{"line":56,"column":12},"end":{"line":56,"column":46}}],"line":56}},"s":{"0":1,"1":1,"2":4,"3":13,"4":13,"5":3,"6":3,"7":10,"8":14,"9":6,"10":3,"11":3,"12":11,"13":8,"14":7,"15":1,"16":10,"17":10,"18":3,"19":1,"20":2,"21":2,"22":8,"23":1,"24":7,"25":4,"26":7,"27":2,"28":2,"29":2,"30":1,"31":1,"32":5,"33":5,"34":3,"35":5,"36":1,"37":1,"38":1},"f":{"0":4,"1":13,"2":14,"3":3,"4":8,"5":1,"6":5},"b":{"0":[4],"1":[3,10],"2":[6,8],"3":[3,3],"4":[8,3],"5":[7,1],"6":[1,2],"7":[1,7],"8":[4,3],"9":[2,5],"10":[3,2],"11":[1,4]},"_coverageSchema":"1a1c01bbd47fc00a2c39e90264f33305004495a9","hash":"afb4aa438c745a68a930783f53205deb18ede8f2"}
,"C:\\Users\\jhous\\school-work\\data-structures-and-algorithms\\javascript\\code-challenges\\tree\\node.js": {"path":"C:\\Users\\jhous\\school-work\\data-structures-and-algorithms\\javascript\\code-challenges\\tree\\node.js","statementMap":{"0":{"start":{"line":3,"column":0},"end":{"line":9,"column":1}},"1":{"start":{"line":5,"column":8},"end":{"line":5,"column":27}},"2":{"start":{"line":6,"column":8},"end":{"line":6,"column":25}},"3":{"start":{"line":7,"column":8},"end":{"line":7,"column":27}}},"fnMap":{"0":{"name":"(anonymous_0)","decl":{"start":{"line":4,"column":4},"end":{"line":4,"column":5}},"loc":{"start":{"line":4,"column":50},"end":{"line":8,"column":5}},"line":4}},"branchMap":{"0":{"loc":{"start":{"line":4,"column":23},"end":{"line":4,"column":34}},"type":"default-arg","locations":[{"start":{"line":4,"column":30},"end":{"line":4,"column":34}}],"line":4},"1":{"loc":{"start":{"line":4,"column":36},"end":{"line":4,"column":48}},"type":"default-arg","locations":[{"start":{"line":4,"column":44},"end":{"line":4,"column":48}}],"line":4}},"s":{"0":1,"1":26,"2":26,"3":26},"f":{"0":26},"b":{"0":[26],"1":[26]},"_coverageSchema":"1a1c01bbd47fc00a2c39e90264f33305004495a9","hash":"4e4057254d8516f3e3d4a48654d61c380416a33a"}
,"C:\\Users\\jhous\\school-work\\data-structures-and-algorithms\\javascript\\code-challenges\\tree\\tree.js": {"path":"C:\\Users\\jhous\\school-work\\data-structures-and-algorithms\\javascript\\code-challenges\\tree\\tree.js","statementMap":{"0":{"start":{"line":4,"column":0},"end":{"line":53,"column":1}},"1":{"start":{"line":6,"column":8},"end":{"line":6,"column":25}},"2":{"start":{"line":11,"column":22},"end":{"line":11,"column":24}},"3":{"start":{"line":13,"column":20},"end":{"line":17,"column":9}},"4":{"start":{"line":14,"column":12},"end":{"line":14,"column":37}},"5":{"start":{"line":15,"column":12},"end":{"line":15,"column":44}},"6":{"start":{"line":15,"column":27},"end":{"line":15,"column":44}},"7":{"start":{"line":16,"column":12},"end":{"line":16,"column":46}},"8":{"start":{"line":16,"column":28},"end":{"line":16,"column":46}},"9":{"start":{"line":19,"column":8},"end":{"line":19,"column":25}},"10":{"start":{"line":21,"column":8},"end":{"line":21,"column":23}},"11":{"start":{"line":26,"column":22},"end":{"line":26,"column":24}},"12":{"start":{"line":28,"column":20},"end":{"line":32,"column":9}},"13":{"start":{"line":29,"column":12},"end":{"line":29,"column":44}},"14":{"start":{"line":29,"column":27},"end":{"line":29,"column":44}},"15":{"start":{"line":30,"column":12},"end":{"line":30,"column":37}},"16":{"start":{"line":31,"column":12},"end":{"line":31,"column":46}},"17":{"start":{"line":31,"column":28},"end":{"line":31,"column":46}},"18":{"start":{"line":34,"column":8},"end":{"line":34,"column":25}},"19":{"start":{"line":36,"column":8},"end":{"line":36,"column":23}},"20":{"start":{"line":41,"column":22},"end":{"line":41,"column":24}},"21":{"start":{"line":43,"column":20},"end":{"line":47,"column":9}},"22":{"start":{"line":44,"column":12},"end":{"line":44,"column":44}},"23":{"start":{"line":44,"column":27},"end":{"line":44,"column":44}},"24":{"start":{"line":45,"column":12},"end":{"line":45,"column":46}},"25":{"start":{"line":45,"column":28},"end":{"line":45,"column":46}},"26":{"start":{"line":46,"column":12},"end":{"line":46,"column":37}},"27":{"start":{"line":49,"column":8},"end":{"line":49,"column":25}},"28":{"start":{"line":51,"column":8},"end":{"line":51,"column":23}}},"fnMap":{"0":{"name":"(anonymous_0)","decl":{"start":{"line":5,"column":4},"end":{"line":5,"column":5}},"loc":{"start":{"line":5,"column":29},"end":{"line":7,"column":5}},"line":5},"1":{"name":"(anonymous_1)","decl":{"start":{"line":9,"column":4},"end":{"line":9,"column":5}},"loc":{"start":{"line":9,"column":15},"end":{"line":22,"column":5}},"line":9},"2":{"name":"(anonymous_2)","decl":{"start":{"line":13,"column":20},"end":{"line":13,"column":21}},"loc":{"start":{"line":13,"column":28},"end":{"line":17,"column":9}},"line":13},"3":{"name":"(anonymous_3)","decl":{"start":{"line":24,"column":4},"end":{"line":24,"column":5}},"loc":{"start":{"line":24,"column":14},"end":{"line":37,"column":5}},"line":24},"4":{"name":"(anonymous_4)","decl":{"start":{"line":28,"column":20},"end":{"line":28,"column":21}},"loc":{"start":{"line":28,"column":28},"end":{"line":32,"column":9}},"line":28},"5":{"name":"(anonymous_5)","decl":{"start":{"line":39,"column":4},"end":{"line":39,"column":5}},"loc":{"start":{"line":39,"column":16},"end":{"line":52,"column":5}},"line":39},"6":{"name":"(anonymous_6)","decl":{"start":{"line":43,"column":20},"end":{"line":43,"column":21}},"loc":{"start":{"line":43,"column":28},"end":{"line":47,"column":9}},"line":43}},"branchMap":{"0":{"loc":{"start":{"line":5,"column":16},"end":{"line":5,"column":27}},"type":"default-arg","locations":[{"start":{"line":5,"column":23},"end":{"line":5,"column":27}}],"line":5},"1":{"loc":{"start":{"line":15,"column":12},"end":{"line":15,"column":44}},"type":"if","locations":[{"start":{"line":15,"column":12},"end":{"line":15,"column":44}},{"start":{"line":15,"column":12},"end":{"line":15,"column":44}}],"line":15},"2":{"loc":{"start":{"line":16,"column":12},"end":{"line":16,"column":46}},"type":"if","locations":[{"start":{"line":16,"column":12},"end":{"line":16,"column":46}},{"start":{"line":16,"column":12},"end":{"line":16,"column":46}}],"line":16},"3":{"loc":{"start":{"line":29,"column":12},"end":{"line":29,"column":44}},"type":"if","locations":[{"start":{"line":29,"column":12},"end":{"line":29,"column":44}},{"start":{"line":29,"column":12},"end":{"line":29,"column":44}}],"line":29},"4":{"loc":{"start":{"line":31,"column":12},"end":{"line":31,"column":46}},"type":"if","locations":[{"start":{"line":31,"column":12},"end":{"line":31,"column":46}},{"start":{"line":31,"column":12},"end":{"line":31,"column":46}}],"line":31},"5":{"loc":{"start":{"line":44,"column":12},"end":{"line":44,"column":44}},"type":"if","locations":[{"start":{"line":44,"column":12},"end":{"line":44,"column":44}},{"start":{"line":44,"column":12},"end":{"line":44,"column":44}}],"line":44},"6":{"loc":{"start":{"line":45,"column":12},"end":{"line":45,"column":46}},"type":"if","locations":[{"start":{"line":45,"column":12},"end":{"line":45,"column":46}},{"start":{"line":45,"column":12},"end":{"line":45,"column":46}}],"line":45}},"s":{"0":1,"1":6,"2":1,"3":1,"4":3,"5":3,"6":1,"7":3,"8":1,"9":1,"10":1,"11":1,"12":1,"13":3,"14":1,"15":3,"16":3,"17":1,"18":1,"19":1,"20":1,"21":1,"22":3,"23":1,"24":3,"25":1,"26":3,"27":1,"28":1},"f":{"0":6,"1":1,"2":3,"3":1,"4":3,"5":1,"6":3},"b":{"0":[1],"1":[1,2],"2":[1,2],"3":[1,2],"4":[1,2],"5":[1,2],"6":[1,2]},"_coverageSchema":"1a1c01bbd47fc00a2c39e90264f33305004495a9","hash":"497cd5531e3cf79b5e44e99d64980aeb34c5d6e2"}
,"C:\\Users\\jhous\\school-work\\data-structures-and-algorithms\\javascript\\linked-list\\index.js": {"path":"C:\\Users\\jhous\\school-work\\data-structures-and-algorithms\\javascript\\linked-list\\index.js","statementMap":{"0":{"start":{"line":7,"column":0},"end":{"line":7,"column":28}}},"fnMap":{},"branchMap":{},"s":{"0":2},"f":{},"b":{},"_coverageSchema":"1a1c01bbd47fc00a2c39e90264f33305004495a9","hash":"33e08d90b8fa44c0dad5b6b009f417731ddfbb9d"}
}
