TN:
SF:javascript/code-challenges/linkedList/lib/linked-list.js
FN:6,(anonymous_0)
FN:10,(anonymous_1)
FN:32,(anonymous_2)
FN:39,(anonymous_3)
FN:57,(anonymous_4)
FNF:5
FNH:5
FNDA:8,(anonymous_0)
FNDA:10,(anonymous_1)
FNDA:4,(anonymous_2)
FNDA:2,(anonymous_3)
FNDA:1,(anonymous_4)
DA:3,1
DA:7,8
DA:12,10
DA:14,10
DA:15,6
DA:19,4
DA:21,4
DA:22,3
DA:25,4
DA:28,10
DA:33,4
DA:34,4
DA:35,4
DA:36,4
DA:40,2
DA:41,2
DA:42,1
DA:45,1
DA:46,1
DA:47,0
DA:49,1
DA:53,1
DA:58,1
DA:59,1
DA:62,1
DA:63,4
DA:64,4
DA:67,1
DA:69,1
DA:73,1
LF:30
LH:29
BRDA:14,0,0,6
BRDA:14,0,1,4
BRDA:41,1,0,1
BRDA:41,1,1,1
BRDA:46,2,0,0
BRDA:46,2,1,1
BRF:6
BRH:5
end_of_record
TN:
SF:javascript/code-challenges/linkedList/lib/node.js
FN:4,(anonymous_0)
FNF:1
FNH:1
FNDA:14,(anonymous_0)
DA:5,14
DA:6,14
DA:10,1
LF:3
LH:3
BRF:0
BRH:0
end_of_record
TN:
SF:javascript/code-challenges/reverse-ll/reverse-ll.js
FN:12,reverse
FNF:1
FNH:1
FNDA:1,reverse
DA:4,1
DA:12,1
DA:14,1
LF:3
LH:3
BRF:0
BRH:0
end_of_record
TN:
SF:javascript/linked-list/index.js
FNF:0
FNH:0
DA:7,1
LF:1
LH:1
BRF:0
BRH:0
end_of_record
