TN:
SF:javascript/code-challenges/multiBracketValidation/multi-bracket-validation.js
FN:5,multiBracketValidation
FNF:1
FNH:1
FNDA:8,multiBracketValidation
DA:3,1
DA:5,1
DA:6,8
DA:8,8
DA:9,8
DA:12,8
DA:14,8
DA:16,8
DA:17,69
DA:20,69
DA:21,22
DA:22,47
DA:23,20
DA:26,20
DA:27,17
DA:30,3
DA:34,27
DA:39,5
DA:40,5
DA:42,0
LF:20
LH:19
BRDA:6,0,0,0
BRDA:6,0,1,8
BRDA:12,1,0,0
BRDA:12,1,1,8
BRDA:20,2,0,22
BRDA:20,2,1,47
BRDA:22,3,0,20
BRDA:22,3,1,27
BRDA:23,4,0,0
BRDA:23,4,1,20
BRDA:26,5,0,17
BRDA:26,5,1,3
BRDA:26,6,0,20
BRDA:26,6,1,5
BRDA:26,6,2,15
BRDA:26,6,3,7
BRDA:26,6,4,8
BRDA:26,6,5,8
BRDA:39,7,0,5
BRDA:39,7,1,0
BRF:20
BRH:16
end_of_record
TN:
SF:javascript/code-challenges/multiBracketValidation/stacks.js
FN:4,(anonymous_0)
FN:8,(anonymous_1)
FN:16,(anonymous_2)
FN:26,(anonymous_3)
FN:35,(anonymous_4)
FNF:5
FNH:5
FNDA:8,(anonymous_0)
FNDA:22,(anonymous_1)
FNDA:17,(anonymous_2)
FNDA:43,(anonymous_3)
FNDA:85,(anonymous_4)
DA:5,8
DA:9,22
DA:11,22
DA:13,22
DA:17,17
DA:18,0
DA:21,17
DA:22,17
DA:23,17
DA:27,43
DA:28,0
DA:31,43
DA:32,43
DA:36,85
DA:40,1
LF:15
LH:13
BRDA:9,0,0,0
BRDA:9,0,1,22
BRDA:17,1,0,0
BRDA:17,1,1,17
BRDA:27,2,0,0
BRDA:27,2,1,43
BRF:6
BRH:3
end_of_record
